
==========================================================================
floorplan final report_tns
--------------------------------------------------------------------------
tns max 0.00

==========================================================================
floorplan final report_wns
--------------------------------------------------------------------------
wns max 0.00

==========================================================================
floorplan final report_worst_slack
--------------------------------------------------------------------------
worst slack max 9.86

==========================================================================
floorplan final report_clock_min_period
--------------------------------------------------------------------------
clk period_min = 30.14 fmax = 33.18

==========================================================================
floorplan final report_checks -path_delay min
--------------------------------------------------------------------------
Startpoint: Cin (input port clocked by clk)
Endpoint: Sum[0] (output port clocked by clk)
Path Group: clk
Path Type: min

Fanout     Cap    Slew   Delay    Time   Description
-----------------------------------------------------------------------------
                  0.00    0.00    0.00   clock clk (rise edge)
                          0.00    0.00   clock network delay (ideal)
                          2.00    2.00 ^ input external delay
     2    0.01    0.00    0.00    2.00 ^ Cin (in)
                                         Cin (net)
                  0.00    0.00    2.00 ^ u0.u0.u0.u0._20_/A (sky130_fd_sc_hd__xnor2_1)
     1    0.00    0.02    0.03    2.03 v u0.u0.u0.u0._20_/Y (sky130_fd_sc_hd__xnor2_1)
                                         Sum[0] (net)
                  0.02    0.00    2.03 v Sum[0] (out)
                                  2.03   data arrival time

                  0.00    0.00    0.00   clock clk (rise edge)
                          0.00    0.00   clock network delay (ideal)
                          0.00    0.00   clock reconvergence pessimism
                         -1.00   -1.00   output external delay
                                 -1.00   data required time
-----------------------------------------------------------------------------
                                 -1.00   data required time
                                 -2.03   data arrival time
-----------------------------------------------------------------------------
                                  3.03   slack (MET)



==========================================================================
floorplan final report_checks -path_delay max
--------------------------------------------------------------------------
Startpoint: B[0] (input port clocked by clk)
Endpoint: Cout (output port clocked by clk)
Path Group: clk
Path Type: max

Fanout     Cap    Slew   Delay    Time   Description
-----------------------------------------------------------------------------
                  0.00    0.00    0.00   clock clk (rise edge)
                          0.00    0.00   clock network delay (ideal)
                          3.00    3.00 v input external delay
     2    0.01    0.00    0.00    3.00 v B[0] (in)
                                         B[0] (net)
                  0.00    0.00    3.00 v u0.u0.u0.u0._14_/C (sky130_fd_sc_hd__maj3_1)
     2    0.01    0.09    0.37    3.37 v u0.u0.u0.u0._14_/X (sky130_fd_sc_hd__maj3_1)
                                         u0.u0.u0.u0._02_ (net)
                  0.09    0.00    3.37 v u0.u0.u0.u0._16_/C (sky130_fd_sc_hd__maj3_1)
     2    0.01    0.09    0.39    3.76 v u0.u0.u0.u0._16_/X (sky130_fd_sc_hd__maj3_1)
                                         u0.u0.u0.u0._04_ (net)
                  0.09    0.00    3.76 v u0.u0.u0.u0._21_/C (sky130_fd_sc_hd__maj3_1)
     2    0.01    0.09    0.39    4.15 v u0.u0.u0.u0._21_/X (sky130_fd_sc_hd__maj3_1)
                                         u0.u0.u0.u0._06_ (net)
                  0.09    0.00    4.15 v u0.u0.u0.u0._23_/C (sky130_fd_sc_hd__maj3_1)
     2    0.01    0.09    0.39    4.54 v u0.u0.u0.u0._23_/X (sky130_fd_sc_hd__maj3_1)
                                         u0.u0.u0.C4 (net)
                  0.09    0.00    4.54 v u0.u0.u0.u1._14_/A (sky130_fd_sc_hd__maj3_1)
     2    0.01    0.09    0.39    4.93 v u0.u0.u0.u1._14_/X (sky130_fd_sc_hd__maj3_1)
                                         u0.u0.u0.u1._02_ (net)
                  0.09    0.00    4.93 v u0.u0.u0.u1._16_/C (sky130_fd_sc_hd__maj3_1)
     2    0.01    0.09    0.39    5.32 v u0.u0.u0.u1._16_/X (sky130_fd_sc_hd__maj3_1)
                                         u0.u0.u0.u1._04_ (net)
                  0.09    0.00    5.32 v u0.u0.u0.u1._21_/C (sky130_fd_sc_hd__maj3_1)
     2    0.01    0.09    0.39    5.71 v u0.u0.u0.u1._21_/X (sky130_fd_sc_hd__maj3_1)
                                         u0.u0.u0.u1._06_ (net)
                  0.09    0.00    5.71 v u0.u0.u0.u1._23_/C (sky130_fd_sc_hd__maj3_1)
     2    0.01    0.09    0.39    6.10 v u0.u0.u0.u1._23_/X (sky130_fd_sc_hd__maj3_1)
                                         u0.u0.C8 (net)
                  0.09    0.00    6.10 v u0.u0.u1.u0._14_/A (sky130_fd_sc_hd__maj3_1)
     2    0.01    0.09    0.39    6.49 v u0.u0.u1.u0._14_/X (sky130_fd_sc_hd__maj3_1)
                                         u0.u0.u1.u0._02_ (net)
                  0.09    0.00    6.49 v u0.u0.u1.u0._16_/C (sky130_fd_sc_hd__maj3_1)
     2    0.01    0.09    0.39    6.88 v u0.u0.u1.u0._16_/X (sky130_fd_sc_hd__maj3_1)
                                         u0.u0.u1.u0._04_ (net)
                  0.09    0.00    6.88 v u0.u0.u1.u0._21_/C (sky130_fd_sc_hd__maj3_1)
     2    0.01    0.09    0.39    7.27 v u0.u0.u1.u0._21_/X (sky130_fd_sc_hd__maj3_1)
                                         u0.u0.u1.u0._06_ (net)
                  0.09    0.00    7.27 v u0.u0.u1.u0._23_/C (sky130_fd_sc_hd__maj3_1)
     2    0.01    0.09    0.39    7.66 v u0.u0.u1.u0._23_/X (sky130_fd_sc_hd__maj3_1)
                                         u0.u0.u1.C4 (net)
                  0.09    0.00    7.66 v u0.u0.u1.u1._14_/A (sky130_fd_sc_hd__maj3_1)
     2    0.01    0.09    0.39    8.05 v u0.u0.u1.u1._14_/X (sky130_fd_sc_hd__maj3_1)
                                         u0.u0.u1.u1._02_ (net)
                  0.09    0.00    8.05 v u0.u0.u1.u1._16_/C (sky130_fd_sc_hd__maj3_1)
     2    0.01    0.09    0.39    8.44 v u0.u0.u1.u1._16_/X (sky130_fd_sc_hd__maj3_1)
                                         u0.u0.u1.u1._04_ (net)
                  0.09    0.00    8.44 v u0.u0.u1.u1._21_/C (sky130_fd_sc_hd__maj3_1)
     2    0.01    0.09    0.39    8.83 v u0.u0.u1.u1._21_/X (sky130_fd_sc_hd__maj3_1)
                                         u0.u0.u1.u1._06_ (net)
                  0.09    0.00    8.83 v u0.u0.u1.u1._23_/C (sky130_fd_sc_hd__maj3_1)
     2    0.01    0.09    0.39    9.22 v u0.u0.u1.u1._23_/X (sky130_fd_sc_hd__maj3_1)
                                         u0.C16 (net)
                  0.09    0.00    9.22 v u0.u1.u0.u0._14_/A (sky130_fd_sc_hd__maj3_1)
     2    0.01    0.09    0.39    9.61 v u0.u1.u0.u0._14_/X (sky130_fd_sc_hd__maj3_1)
                                         u0.u1.u0.u0._02_ (net)
                  0.09    0.00    9.61 v u0.u1.u0.u0._16_/C (sky130_fd_sc_hd__maj3_1)
     2    0.01    0.09    0.39   10.00 v u0.u1.u0.u0._16_/X (sky130_fd_sc_hd__maj3_1)
                                         u0.u1.u0.u0._04_ (net)
                  0.09    0.00   10.00 v u0.u1.u0.u0._21_/C (sky130_fd_sc_hd__maj3_1)
     2    0.01    0.09    0.39   10.39 v u0.u1.u0.u0._21_/X (sky130_fd_sc_hd__maj3_1)
                                         u0.u1.u0.u0._06_ (net)
                  0.09    0.00   10.39 v u0.u1.u0.u0._23_/C (sky130_fd_sc_hd__maj3_1)
     2    0.01    0.09    0.39   10.78 v u0.u1.u0.u0._23_/X (sky130_fd_sc_hd__maj3_1)
                                         u0.u1.u0.C4 (net)
                  0.09    0.00   10.78 v u0.u1.u0.u1._14_/A (sky130_fd_sc_hd__maj3_1)
     2    0.01    0.09    0.39   11.17 v u0.u1.u0.u1._14_/X (sky130_fd_sc_hd__maj3_1)
                                         u0.u1.u0.u1._02_ (net)
                  0.09    0.00   11.17 v u0.u1.u0.u1._16_/C (sky130_fd_sc_hd__maj3_1)
     2    0.01    0.09    0.39   11.57 v u0.u1.u0.u1._16_/X (sky130_fd_sc_hd__maj3_1)
                                         u0.u1.u0.u1._04_ (net)
                  0.09    0.00   11.57 v u0.u1.u0.u1._21_/C (sky130_fd_sc_hd__maj3_1)
     2    0.01    0.09    0.39   11.96 v u0.u1.u0.u1._21_/X (sky130_fd_sc_hd__maj3_1)
                                         u0.u1.u0.u1._06_ (net)
                  0.09    0.00   11.96 v u0.u1.u0.u1._23_/C (sky130_fd_sc_hd__maj3_1)
     2    0.01    0.09    0.39   12.35 v u0.u1.u0.u1._23_/X (sky130_fd_sc_hd__maj3_1)
                                         u0.u1.C8 (net)
                  0.09    0.00   12.35 v u0.u1.u1.u0._14_/A (sky130_fd_sc_hd__maj3_1)
     2    0.01    0.09    0.39   12.73 v u0.u1.u1.u0._14_/X (sky130_fd_sc_hd__maj3_1)
                                         u0.u1.u1.u0._02_ (net)
                  0.09    0.00   12.73 v u0.u1.u1.u0._16_/C (sky130_fd_sc_hd__maj3_1)
     2    0.01    0.09    0.39   13.13 v u0.u1.u1.u0._16_/X (sky130_fd_sc_hd__maj3_1)
                                         u0.u1.u1.u0._04_ (net)
                  0.09    0.00   13.13 v u0.u1.u1.u0._21_/C (sky130_fd_sc_hd__maj3_1)
     2    0.01    0.09    0.39   13.52 v u0.u1.u1.u0._21_/X (sky130_fd_sc_hd__maj3_1)
                                         u0.u1.u1.u0._06_ (net)
                  0.09    0.00   13.52 v u0.u1.u1.u0._23_/C (sky130_fd_sc_hd__maj3_1)
     2    0.01    0.09    0.39   13.91 v u0.u1.u1.u0._23_/X (sky130_fd_sc_hd__maj3_1)
                                         u0.u1.u1.C4 (net)
                  0.09    0.00   13.91 v u0.u1.u1.u1._14_/A (sky130_fd_sc_hd__maj3_1)
     2    0.01    0.09    0.39   14.30 v u0.u1.u1.u1._14_/X (sky130_fd_sc_hd__maj3_1)
                                         u0.u1.u1.u1._02_ (net)
                  0.09    0.00   14.30 v u0.u1.u1.u1._16_/C (sky130_fd_sc_hd__maj3_1)
     2    0.01    0.09    0.39   14.69 v u0.u1.u1.u1._16_/X (sky130_fd_sc_hd__maj3_1)
                                         u0.u1.u1.u1._04_ (net)
                  0.09    0.00   14.69 v u0.u1.u1.u1._21_/C (sky130_fd_sc_hd__maj3_1)
     2    0.01    0.09    0.39   15.08 v u0.u1.u1.u1._21_/X (sky130_fd_sc_hd__maj3_1)
                                         u0.u1.u1.u1._06_ (net)
                  0.09    0.00   15.08 v u0.u1.u1.u1._23_/C (sky130_fd_sc_hd__maj3_1)
     2    0.01    0.09    0.39   15.47 v u0.u1.u1.u1._23_/X (sky130_fd_sc_hd__maj3_1)
                                         C32 (net)
                  0.09    0.00   15.47 v u1.u0.u0.u0._14_/A (sky130_fd_sc_hd__maj3_1)
     2    0.01    0.09    0.39   15.86 v u1.u0.u0.u0._14_/X (sky130_fd_sc_hd__maj3_1)
                                         u1.u0.u0.u0._02_ (net)
                  0.09    0.00   15.86 v u1.u0.u0.u0._16_/C (sky130_fd_sc_hd__maj3_1)
     2    0.01    0.09    0.39   16.25 v u1.u0.u0.u0._16_/X (sky130_fd_sc_hd__maj3_1)
                                         u1.u0.u0.u0._04_ (net)
                  0.09    0.00   16.25 v u1.u0.u0.u0._21_/C (sky130_fd_sc_hd__maj3_1)
     2    0.01    0.09    0.39   16.64 v u1.u0.u0.u0._21_/X (sky130_fd_sc_hd__maj3_1)
                                         u1.u0.u0.u0._06_ (net)
                  0.09    0.00   16.64 v u1.u0.u0.u0._23_/C (sky130_fd_sc_hd__maj3_1)
     2    0.01    0.09    0.39   17.03 v u1.u0.u0.u0._23_/X (sky130_fd_sc_hd__maj3_1)
                                         u1.u0.u0.C4 (net)
                  0.09    0.00   17.03 v u1.u0.u0.u1._14_/A (sky130_fd_sc_hd__maj3_1)
     2    0.01    0.09    0.39   17.42 v u1.u0.u0.u1._14_/X (sky130_fd_sc_hd__maj3_1)
                                         u1.u0.u0.u1._02_ (net)
                  0.09    0.00   17.42 v u1.u0.u0.u1._16_/C (sky130_fd_sc_hd__maj3_1)
     2    0.01    0.09    0.39   17.81 v u1.u0.u0.u1._16_/X (sky130_fd_sc_hd__maj3_1)
                                         u1.u0.u0.u1._04_ (net)
                  0.09    0.00   17.81 v u1.u0.u0.u1._21_/C (sky130_fd_sc_hd__maj3_1)
     2    0.01    0.09    0.39   18.20 v u1.u0.u0.u1._21_/X (sky130_fd_sc_hd__maj3_1)
                                         u1.u0.u0.u1._06_ (net)
                  0.09    0.00   18.20 v u1.u0.u0.u1._23_/C (sky130_fd_sc_hd__maj3_1)
     2    0.01    0.09    0.39   18.59 v u1.u0.u0.u1._23_/X (sky130_fd_sc_hd__maj3_1)
                                         u1.u0.C8 (net)
                  0.09    0.00   18.59 v u1.u0.u1.u0._14_/A (sky130_fd_sc_hd__maj3_1)
     2    0.01    0.09    0.39   18.98 v u1.u0.u1.u0._14_/X (sky130_fd_sc_hd__maj3_1)
                                         u1.u0.u1.u0._02_ (net)
                  0.09    0.00   18.98 v u1.u0.u1.u0._16_/C (sky130_fd_sc_hd__maj3_1)
     2    0.01    0.09    0.39   19.37 v u1.u0.u1.u0._16_/X (sky130_fd_sc_hd__maj3_1)
                                         u1.u0.u1.u0._04_ (net)
                  0.09    0.00   19.37 v u1.u0.u1.u0._21_/C (sky130_fd_sc_hd__maj3_1)
     2    0.01    0.09    0.39   19.76 v u1.u0.u1.u0._21_/X (sky130_fd_sc_hd__maj3_1)
                                         u1.u0.u1.u0._06_ (net)
                  0.09    0.00   19.76 v u1.u0.u1.u0._23_/C (sky130_fd_sc_hd__maj3_1)
     2    0.01    0.09    0.39   20.15 v u1.u0.u1.u0._23_/X (sky130_fd_sc_hd__maj3_1)
                                         u1.u0.u1.C4 (net)
                  0.09    0.00   20.15 v u1.u0.u1.u1._14_/A (sky130_fd_sc_hd__maj3_1)
     2    0.01    0.09    0.39   20.54 v u1.u0.u1.u1._14_/X (sky130_fd_sc_hd__maj3_1)
                                         u1.u0.u1.u1._02_ (net)
                  0.09    0.00   20.54 v u1.u0.u1.u1._16_/C (sky130_fd_sc_hd__maj3_1)
     2    0.01    0.09    0.39   20.93 v u1.u0.u1.u1._16_/X (sky130_fd_sc_hd__maj3_1)
                                         u1.u0.u1.u1._04_ (net)
                  0.09    0.00   20.93 v u1.u0.u1.u1._21_/C (sky130_fd_sc_hd__maj3_1)
     2    0.01    0.09    0.39   21.32 v u1.u0.u1.u1._21_/X (sky130_fd_sc_hd__maj3_1)
                                         u1.u0.u1.u1._06_ (net)
                  0.09    0.00   21.32 v u1.u0.u1.u1._23_/C (sky130_fd_sc_hd__maj3_1)
     2    0.01    0.09    0.39   21.71 v u1.u0.u1.u1._23_/X (sky130_fd_sc_hd__maj3_1)
                                         u1.C16 (net)
                  0.09    0.00   21.71 v u1.u1.u0.u0._14_/A (sky130_fd_sc_hd__maj3_1)
     2    0.01    0.09    0.39   22.10 v u1.u1.u0.u0._14_/X (sky130_fd_sc_hd__maj3_1)
                                         u1.u1.u0.u0._02_ (net)
                  0.09    0.00   22.10 v u1.u1.u0.u0._16_/C (sky130_fd_sc_hd__maj3_1)
     2    0.01    0.09    0.39   22.49 v u1.u1.u0.u0._16_/X (sky130_fd_sc_hd__maj3_1)
                                         u1.u1.u0.u0._04_ (net)
                  0.09    0.00   22.49 v u1.u1.u0.u0._21_/C (sky130_fd_sc_hd__maj3_1)
     2    0.01    0.09    0.39   22.88 v u1.u1.u0.u0._21_/X (sky130_fd_sc_hd__maj3_1)
                                         u1.u1.u0.u0._06_ (net)
                  0.09    0.00   22.88 v u1.u1.u0.u0._23_/C (sky130_fd_sc_hd__maj3_1)
     2    0.01    0.09    0.39   23.27 v u1.u1.u0.u0._23_/X (sky130_fd_sc_hd__maj3_1)
                                         u1.u1.u0.C4 (net)
                  0.09    0.00   23.27 v u1.u1.u0.u1._14_/A (sky130_fd_sc_hd__maj3_1)
     2    0.01    0.09    0.39   23.66 v u1.u1.u0.u1._14_/X (sky130_fd_sc_hd__maj3_1)
                                         u1.u1.u0.u1._02_ (net)
                  0.09    0.00   23.66 v u1.u1.u0.u1._16_/C (sky130_fd_sc_hd__maj3_1)
     2    0.01    0.09    0.39   24.05 v u1.u1.u0.u1._16_/X (sky130_fd_sc_hd__maj3_1)
                                         u1.u1.u0.u1._04_ (net)
                  0.09    0.00   24.05 v u1.u1.u0.u1._21_/C (sky130_fd_sc_hd__maj3_1)
     2    0.01    0.09    0.39   24.44 v u1.u1.u0.u1._21_/X (sky130_fd_sc_hd__maj3_1)
                                         u1.u1.u0.u1._06_ (net)
                  0.09    0.00   24.44 v u1.u1.u0.u1._23_/C (sky130_fd_sc_hd__maj3_1)
     2    0.01    0.09    0.39   24.83 v u1.u1.u0.u1._23_/X (sky130_fd_sc_hd__maj3_1)
                                         u1.u1.C8 (net)
                  0.09    0.00   24.83 v u1.u1.u1.u0._14_/A (sky130_fd_sc_hd__maj3_1)
     2    0.01    0.09    0.39   25.22 v u1.u1.u1.u0._14_/X (sky130_fd_sc_hd__maj3_1)
                                         u1.u1.u1.u0._02_ (net)
                  0.09    0.00   25.22 v u1.u1.u1.u0._16_/C (sky130_fd_sc_hd__maj3_1)
     2    0.01    0.09    0.39   25.61 v u1.u1.u1.u0._16_/X (sky130_fd_sc_hd__maj3_1)
                                         u1.u1.u1.u0._04_ (net)
                  0.09    0.00   25.61 v u1.u1.u1.u0._21_/C (sky130_fd_sc_hd__maj3_1)
     2    0.01    0.09    0.39   26.00 v u1.u1.u1.u0._21_/X (sky130_fd_sc_hd__maj3_1)
                                         u1.u1.u1.u0._06_ (net)
                  0.09    0.00   26.00 v u1.u1.u1.u0._23_/C (sky130_fd_sc_hd__maj3_1)
     2    0.01    0.09    0.39   26.39 v u1.u1.u1.u0._23_/X (sky130_fd_sc_hd__maj3_1)
                                         u1.u1.u1.C4 (net)
                  0.09    0.00   26.39 v u1.u1.u1.u1._14_/A (sky130_fd_sc_hd__maj3_1)
     2    0.01    0.09    0.39   26.78 v u1.u1.u1.u1._14_/X (sky130_fd_sc_hd__maj3_1)
                                         u1.u1.u1.u1._02_ (net)
                  0.09    0.00   26.78 v u1.u1.u1.u1._16_/C (sky130_fd_sc_hd__maj3_1)
     2    0.01    0.09    0.39   27.17 v u1.u1.u1.u1._16_/X (sky130_fd_sc_hd__maj3_1)
                                         u1.u1.u1.u1._04_ (net)
                  0.09    0.00   27.17 v u1.u1.u1.u1._21_/C (sky130_fd_sc_hd__maj3_1)
     2    0.01    0.09    0.39   27.56 v u1.u1.u1.u1._21_/X (sky130_fd_sc_hd__maj3_1)
                                         u1.u1.u1.u1._06_ (net)
                  0.09    0.00   27.56 v u1.u1.u1.u1._23_/C (sky130_fd_sc_hd__maj3_1)
     1    0.05    0.27    0.57   28.14 v u1.u1.u1.u1._23_/X (sky130_fd_sc_hd__maj3_1)
                                         Cout (net)
                  0.27    0.00   28.14 v Cout (out)
                                 28.14   data arrival time

                  0.00   40.00   40.00   clock clk (rise edge)
                          0.00   40.00   clock network delay (ideal)
                          0.00   40.00   clock reconvergence pessimism
                         -2.00   38.00   output external delay
                                 38.00   data required time
-----------------------------------------------------------------------------
                                 38.00   data required time
                                -28.14   data arrival time
-----------------------------------------------------------------------------
                                  9.86   slack (MET)



==========================================================================
floorplan final report_checks -unconstrained
--------------------------------------------------------------------------
Startpoint: B[0] (input port clocked by clk)
Endpoint: Cout (output port clocked by clk)
Path Group: clk
Path Type: max

Fanout     Cap    Slew   Delay    Time   Description
-----------------------------------------------------------------------------
                  0.00    0.00    0.00   clock clk (rise edge)
                          0.00    0.00   clock network delay (ideal)
                          3.00    3.00 v input external delay
     2    0.01    0.00    0.00    3.00 v B[0] (in)
                                         B[0] (net)
                  0.00    0.00    3.00 v u0.u0.u0.u0._14_/C (sky130_fd_sc_hd__maj3_1)
     2    0.01    0.09    0.37    3.37 v u0.u0.u0.u0._14_/X (sky130_fd_sc_hd__maj3_1)
                                         u0.u0.u0.u0._02_ (net)
                  0.09    0.00    3.37 v u0.u0.u0.u0._16_/C (sky130_fd_sc_hd__maj3_1)
     2    0.01    0.09    0.39    3.76 v u0.u0.u0.u0._16_/X (sky130_fd_sc_hd__maj3_1)
                                         u0.u0.u0.u0._04_ (net)
                  0.09    0.00    3.76 v u0.u0.u0.u0._21_/C (sky130_fd_sc_hd__maj3_1)
     2    0.01    0.09    0.39    4.15 v u0.u0.u0.u0._21_/X (sky130_fd_sc_hd__maj3_1)
                                         u0.u0.u0.u0._06_ (net)
                  0.09    0.00    4.15 v u0.u0.u0.u0._23_/C (sky130_fd_sc_hd__maj3_1)
     2    0.01    0.09    0.39    4.54 v u0.u0.u0.u0._23_/X (sky130_fd_sc_hd__maj3_1)
                                         u0.u0.u0.C4 (net)
                  0.09    0.00    4.54 v u0.u0.u0.u1._14_/A (sky130_fd_sc_hd__maj3_1)
     2    0.01    0.09    0.39    4.93 v u0.u0.u0.u1._14_/X (sky130_fd_sc_hd__maj3_1)
                                         u0.u0.u0.u1._02_ (net)
                  0.09    0.00    4.93 v u0.u0.u0.u1._16_/C (sky130_fd_sc_hd__maj3_1)
     2    0.01    0.09    0.39    5.32 v u0.u0.u0.u1._16_/X (sky130_fd_sc_hd__maj3_1)
                                         u0.u0.u0.u1._04_ (net)
                  0.09    0.00    5.32 v u0.u0.u0.u1._21_/C (sky130_fd_sc_hd__maj3_1)
     2    0.01    0.09    0.39    5.71 v u0.u0.u0.u1._21_/X (sky130_fd_sc_hd__maj3_1)
                                         u0.u0.u0.u1._06_ (net)
                  0.09    0.00    5.71 v u0.u0.u0.u1._23_/C (sky130_fd_sc_hd__maj3_1)
     2    0.01    0.09    0.39    6.10 v u0.u0.u0.u1._23_/X (sky130_fd_sc_hd__maj3_1)
                                         u0.u0.C8 (net)
                  0.09    0.00    6.10 v u0.u0.u1.u0._14_/A (sky130_fd_sc_hd__maj3_1)
     2    0.01    0.09    0.39    6.49 v u0.u0.u1.u0._14_/X (sky130_fd_sc_hd__maj3_1)
                                         u0.u0.u1.u0._02_ (net)
                  0.09    0.00    6.49 v u0.u0.u1.u0._16_/C (sky130_fd_sc_hd__maj3_1)
     2    0.01    0.09    0.39    6.88 v u0.u0.u1.u0._16_/X (sky130_fd_sc_hd__maj3_1)
                                         u0.u0.u1.u0._04_ (net)
                  0.09    0.00    6.88 v u0.u0.u1.u0._21_/C (sky130_fd_sc_hd__maj3_1)
     2    0.01    0.09    0.39    7.27 v u0.u0.u1.u0._21_/X (sky130_fd_sc_hd__maj3_1)
                                         u0.u0.u1.u0._06_ (net)
                  0.09    0.00    7.27 v u0.u0.u1.u0._23_/C (sky130_fd_sc_hd__maj3_1)
     2    0.01    0.09    0.39    7.66 v u0.u0.u1.u0._23_/X (sky130_fd_sc_hd__maj3_1)
                                         u0.u0.u1.C4 (net)
                  0.09    0.00    7.66 v u0.u0.u1.u1._14_/A (sky130_fd_sc_hd__maj3_1)
     2    0.01    0.09    0.39    8.05 v u0.u0.u1.u1._14_/X (sky130_fd_sc_hd__maj3_1)
                                         u0.u0.u1.u1._02_ (net)
                  0.09    0.00    8.05 v u0.u0.u1.u1._16_/C (sky130_fd_sc_hd__maj3_1)
     2    0.01    0.09    0.39    8.44 v u0.u0.u1.u1._16_/X (sky130_fd_sc_hd__maj3_1)
                                         u0.u0.u1.u1._04_ (net)
                  0.09    0.00    8.44 v u0.u0.u1.u1._21_/C (sky130_fd_sc_hd__maj3_1)
     2    0.01    0.09    0.39    8.83 v u0.u0.u1.u1._21_/X (sky130_fd_sc_hd__maj3_1)
                                         u0.u0.u1.u1._06_ (net)
                  0.09    0.00    8.83 v u0.u0.u1.u1._23_/C (sky130_fd_sc_hd__maj3_1)
     2    0.01    0.09    0.39    9.22 v u0.u0.u1.u1._23_/X (sky130_fd_sc_hd__maj3_1)
                                         u0.C16 (net)
                  0.09    0.00    9.22 v u0.u1.u0.u0._14_/A (sky130_fd_sc_hd__maj3_1)
     2    0.01    0.09    0.39    9.61 v u0.u1.u0.u0._14_/X (sky130_fd_sc_hd__maj3_1)
                                         u0.u1.u0.u0._02_ (net)
                  0.09    0.00    9.61 v u0.u1.u0.u0._16_/C (sky130_fd_sc_hd__maj3_1)
     2    0.01    0.09    0.39   10.00 v u0.u1.u0.u0._16_/X (sky130_fd_sc_hd__maj3_1)
                                         u0.u1.u0.u0._04_ (net)
                  0.09    0.00   10.00 v u0.u1.u0.u0._21_/C (sky130_fd_sc_hd__maj3_1)
     2    0.01    0.09    0.39   10.39 v u0.u1.u0.u0._21_/X (sky130_fd_sc_hd__maj3_1)
                                         u0.u1.u0.u0._06_ (net)
                  0.09    0.00   10.39 v u0.u1.u0.u0._23_/C (sky130_fd_sc_hd__maj3_1)
     2    0.01    0.09    0.39   10.78 v u0.u1.u0.u0._23_/X (sky130_fd_sc_hd__maj3_1)
                                         u0.u1.u0.C4 (net)
                  0.09    0.00   10.78 v u0.u1.u0.u1._14_/A (sky130_fd_sc_hd__maj3_1)
     2    0.01    0.09    0.39   11.17 v u0.u1.u0.u1._14_/X (sky130_fd_sc_hd__maj3_1)
                                         u0.u1.u0.u1._02_ (net)
                  0.09    0.00   11.17 v u0.u1.u0.u1._16_/C (sky130_fd_sc_hd__maj3_1)
     2    0.01    0.09    0.39   11.57 v u0.u1.u0.u1._16_/X (sky130_fd_sc_hd__maj3_1)
                                         u0.u1.u0.u1._04_ (net)
                  0.09    0.00   11.57 v u0.u1.u0.u1._21_/C (sky130_fd_sc_hd__maj3_1)
     2    0.01    0.09    0.39   11.96 v u0.u1.u0.u1._21_/X (sky130_fd_sc_hd__maj3_1)
                                         u0.u1.u0.u1._06_ (net)
                  0.09    0.00   11.96 v u0.u1.u0.u1._23_/C (sky130_fd_sc_hd__maj3_1)
     2    0.01    0.09    0.39   12.35 v u0.u1.u0.u1._23_/X (sky130_fd_sc_hd__maj3_1)
                                         u0.u1.C8 (net)
                  0.09    0.00   12.35 v u0.u1.u1.u0._14_/A (sky130_fd_sc_hd__maj3_1)
     2    0.01    0.09    0.39   12.73 v u0.u1.u1.u0._14_/X (sky130_fd_sc_hd__maj3_1)
                                         u0.u1.u1.u0._02_ (net)
                  0.09    0.00   12.73 v u0.u1.u1.u0._16_/C (sky130_fd_sc_hd__maj3_1)
     2    0.01    0.09    0.39   13.13 v u0.u1.u1.u0._16_/X (sky130_fd_sc_hd__maj3_1)
                                         u0.u1.u1.u0._04_ (net)
                  0.09    0.00   13.13 v u0.u1.u1.u0._21_/C (sky130_fd_sc_hd__maj3_1)
     2    0.01    0.09    0.39   13.52 v u0.u1.u1.u0._21_/X (sky130_fd_sc_hd__maj3_1)
                                         u0.u1.u1.u0._06_ (net)
                  0.09    0.00   13.52 v u0.u1.u1.u0._23_/C (sky130_fd_sc_hd__maj3_1)
     2    0.01    0.09    0.39   13.91 v u0.u1.u1.u0._23_/X (sky130_fd_sc_hd__maj3_1)
                                         u0.u1.u1.C4 (net)
                  0.09    0.00   13.91 v u0.u1.u1.u1._14_/A (sky130_fd_sc_hd__maj3_1)
     2    0.01    0.09    0.39   14.30 v u0.u1.u1.u1._14_/X (sky130_fd_sc_hd__maj3_1)
                                         u0.u1.u1.u1._02_ (net)
                  0.09    0.00   14.30 v u0.u1.u1.u1._16_/C (sky130_fd_sc_hd__maj3_1)
     2    0.01    0.09    0.39   14.69 v u0.u1.u1.u1._16_/X (sky130_fd_sc_hd__maj3_1)
                                         u0.u1.u1.u1._04_ (net)
                  0.09    0.00   14.69 v u0.u1.u1.u1._21_/C (sky130_fd_sc_hd__maj3_1)
     2    0.01    0.09    0.39   15.08 v u0.u1.u1.u1._21_/X (sky130_fd_sc_hd__maj3_1)
                                         u0.u1.u1.u1._06_ (net)
                  0.09    0.00   15.08 v u0.u1.u1.u1._23_/C (sky130_fd_sc_hd__maj3_1)
     2    0.01    0.09    0.39   15.47 v u0.u1.u1.u1._23_/X (sky130_fd_sc_hd__maj3_1)
                                         C32 (net)
                  0.09    0.00   15.47 v u1.u0.u0.u0._14_/A (sky130_fd_sc_hd__maj3_1)
     2    0.01    0.09    0.39   15.86 v u1.u0.u0.u0._14_/X (sky130_fd_sc_hd__maj3_1)
                                         u1.u0.u0.u0._02_ (net)
                  0.09    0.00   15.86 v u1.u0.u0.u0._16_/C (sky130_fd_sc_hd__maj3_1)
     2    0.01    0.09    0.39   16.25 v u1.u0.u0.u0._16_/X (sky130_fd_sc_hd__maj3_1)
                                         u1.u0.u0.u0._04_ (net)
                  0.09    0.00   16.25 v u1.u0.u0.u0._21_/C (sky130_fd_sc_hd__maj3_1)
     2    0.01    0.09    0.39   16.64 v u1.u0.u0.u0._21_/X (sky130_fd_sc_hd__maj3_1)
                                         u1.u0.u0.u0._06_ (net)
                  0.09    0.00   16.64 v u1.u0.u0.u0._23_/C (sky130_fd_sc_hd__maj3_1)
     2    0.01    0.09    0.39   17.03 v u1.u0.u0.u0._23_/X (sky130_fd_sc_hd__maj3_1)
                                         u1.u0.u0.C4 (net)
                  0.09    0.00   17.03 v u1.u0.u0.u1._14_/A (sky130_fd_sc_hd__maj3_1)
     2    0.01    0.09    0.39   17.42 v u1.u0.u0.u1._14_/X (sky130_fd_sc_hd__maj3_1)
                                         u1.u0.u0.u1._02_ (net)
                  0.09    0.00   17.42 v u1.u0.u0.u1._16_/C (sky130_fd_sc_hd__maj3_1)
     2    0.01    0.09    0.39   17.81 v u1.u0.u0.u1._16_/X (sky130_fd_sc_hd__maj3_1)
                                         u1.u0.u0.u1._04_ (net)
                  0.09    0.00   17.81 v u1.u0.u0.u1._21_/C (sky130_fd_sc_hd__maj3_1)
     2    0.01    0.09    0.39   18.20 v u1.u0.u0.u1._21_/X (sky130_fd_sc_hd__maj3_1)
                                         u1.u0.u0.u1._06_ (net)
                  0.09    0.00   18.20 v u1.u0.u0.u1._23_/C (sky130_fd_sc_hd__maj3_1)
     2    0.01    0.09    0.39   18.59 v u1.u0.u0.u1._23_/X (sky130_fd_sc_hd__maj3_1)
                                         u1.u0.C8 (net)
                  0.09    0.00   18.59 v u1.u0.u1.u0._14_/A (sky130_fd_sc_hd__maj3_1)
     2    0.01    0.09    0.39   18.98 v u1.u0.u1.u0._14_/X (sky130_fd_sc_hd__maj3_1)
                                         u1.u0.u1.u0._02_ (net)
                  0.09    0.00   18.98 v u1.u0.u1.u0._16_/C (sky130_fd_sc_hd__maj3_1)
     2    0.01    0.09    0.39   19.37 v u1.u0.u1.u0._16_/X (sky130_fd_sc_hd__maj3_1)
                                         u1.u0.u1.u0._04_ (net)
                  0.09    0.00   19.37 v u1.u0.u1.u0._21_/C (sky130_fd_sc_hd__maj3_1)
     2    0.01    0.09    0.39   19.76 v u1.u0.u1.u0._21_/X (sky130_fd_sc_hd__maj3_1)
                                         u1.u0.u1.u0._06_ (net)
                  0.09    0.00   19.76 v u1.u0.u1.u0._23_/C (sky130_fd_sc_hd__maj3_1)
     2    0.01    0.09    0.39   20.15 v u1.u0.u1.u0._23_/X (sky130_fd_sc_hd__maj3_1)
                                         u1.u0.u1.C4 (net)
                  0.09    0.00   20.15 v u1.u0.u1.u1._14_/A (sky130_fd_sc_hd__maj3_1)
     2    0.01    0.09    0.39   20.54 v u1.u0.u1.u1._14_/X (sky130_fd_sc_hd__maj3_1)
                                         u1.u0.u1.u1._02_ (net)
                  0.09    0.00   20.54 v u1.u0.u1.u1._16_/C (sky130_fd_sc_hd__maj3_1)
     2    0.01    0.09    0.39   20.93 v u1.u0.u1.u1._16_/X (sky130_fd_sc_hd__maj3_1)
                                         u1.u0.u1.u1._04_ (net)
                  0.09    0.00   20.93 v u1.u0.u1.u1._21_/C (sky130_fd_sc_hd__maj3_1)
     2    0.01    0.09    0.39   21.32 v u1.u0.u1.u1._21_/X (sky130_fd_sc_hd__maj3_1)
                                         u1.u0.u1.u1._06_ (net)
                  0.09    0.00   21.32 v u1.u0.u1.u1._23_/C (sky130_fd_sc_hd__maj3_1)
     2    0.01    0.09    0.39   21.71 v u1.u0.u1.u1._23_/X (sky130_fd_sc_hd__maj3_1)
                                         u1.C16 (net)
                  0.09    0.00   21.71 v u1.u1.u0.u0._14_/A (sky130_fd_sc_hd__maj3_1)
     2    0.01    0.09    0.39   22.10 v u1.u1.u0.u0._14_/X (sky130_fd_sc_hd__maj3_1)
                                         u1.u1.u0.u0._02_ (net)
                  0.09    0.00   22.10 v u1.u1.u0.u0._16_/C (sky130_fd_sc_hd__maj3_1)
     2    0.01    0.09    0.39   22.49 v u1.u1.u0.u0._16_/X (sky130_fd_sc_hd__maj3_1)
                                         u1.u1.u0.u0._04_ (net)
                  0.09    0.00   22.49 v u1.u1.u0.u0._21_/C (sky130_fd_sc_hd__maj3_1)
     2    0.01    0.09    0.39   22.88 v u1.u1.u0.u0._21_/X (sky130_fd_sc_hd__maj3_1)
                                         u1.u1.u0.u0._06_ (net)
                  0.09    0.00   22.88 v u1.u1.u0.u0._23_/C (sky130_fd_sc_hd__maj3_1)
     2    0.01    0.09    0.39   23.27 v u1.u1.u0.u0._23_/X (sky130_fd_sc_hd__maj3_1)
                                         u1.u1.u0.C4 (net)
                  0.09    0.00   23.27 v u1.u1.u0.u1._14_/A (sky130_fd_sc_hd__maj3_1)
     2    0.01    0.09    0.39   23.66 v u1.u1.u0.u1._14_/X (sky130_fd_sc_hd__maj3_1)
                                         u1.u1.u0.u1._02_ (net)
                  0.09    0.00   23.66 v u1.u1.u0.u1._16_/C (sky130_fd_sc_hd__maj3_1)
     2    0.01    0.09    0.39   24.05 v u1.u1.u0.u1._16_/X (sky130_fd_sc_hd__maj3_1)
                                         u1.u1.u0.u1._04_ (net)
                  0.09    0.00   24.05 v u1.u1.u0.u1._21_/C (sky130_fd_sc_hd__maj3_1)
     2    0.01    0.09    0.39   24.44 v u1.u1.u0.u1._21_/X (sky130_fd_sc_hd__maj3_1)
                                         u1.u1.u0.u1._06_ (net)
                  0.09    0.00   24.44 v u1.u1.u0.u1._23_/C (sky130_fd_sc_hd__maj3_1)
     2    0.01    0.09    0.39   24.83 v u1.u1.u0.u1._23_/X (sky130_fd_sc_hd__maj3_1)
                                         u1.u1.C8 (net)
                  0.09    0.00   24.83 v u1.u1.u1.u0._14_/A (sky130_fd_sc_hd__maj3_1)
     2    0.01    0.09    0.39   25.22 v u1.u1.u1.u0._14_/X (sky130_fd_sc_hd__maj3_1)
                                         u1.u1.u1.u0._02_ (net)
                  0.09    0.00   25.22 v u1.u1.u1.u0._16_/C (sky130_fd_sc_hd__maj3_1)
     2    0.01    0.09    0.39   25.61 v u1.u1.u1.u0._16_/X (sky130_fd_sc_hd__maj3_1)
                                         u1.u1.u1.u0._04_ (net)
                  0.09    0.00   25.61 v u1.u1.u1.u0._21_/C (sky130_fd_sc_hd__maj3_1)
     2    0.01    0.09    0.39   26.00 v u1.u1.u1.u0._21_/X (sky130_fd_sc_hd__maj3_1)
                                         u1.u1.u1.u0._06_ (net)
                  0.09    0.00   26.00 v u1.u1.u1.u0._23_/C (sky130_fd_sc_hd__maj3_1)
     2    0.01    0.09    0.39   26.39 v u1.u1.u1.u0._23_/X (sky130_fd_sc_hd__maj3_1)
                                         u1.u1.u1.C4 (net)
                  0.09    0.00   26.39 v u1.u1.u1.u1._14_/A (sky130_fd_sc_hd__maj3_1)
     2    0.01    0.09    0.39   26.78 v u1.u1.u1.u1._14_/X (sky130_fd_sc_hd__maj3_1)
                                         u1.u1.u1.u1._02_ (net)
                  0.09    0.00   26.78 v u1.u1.u1.u1._16_/C (sky130_fd_sc_hd__maj3_1)
     2    0.01    0.09    0.39   27.17 v u1.u1.u1.u1._16_/X (sky130_fd_sc_hd__maj3_1)
                                         u1.u1.u1.u1._04_ (net)
                  0.09    0.00   27.17 v u1.u1.u1.u1._21_/C (sky130_fd_sc_hd__maj3_1)
     2    0.01    0.09    0.39   27.56 v u1.u1.u1.u1._21_/X (sky130_fd_sc_hd__maj3_1)
                                         u1.u1.u1.u1._06_ (net)
                  0.09    0.00   27.56 v u1.u1.u1.u1._23_/C (sky130_fd_sc_hd__maj3_1)
     1    0.05    0.27    0.57   28.14 v u1.u1.u1.u1._23_/X (sky130_fd_sc_hd__maj3_1)
                                         Cout (net)
                  0.27    0.00   28.14 v Cout (out)
                                 28.14   data arrival time

                  0.00   40.00   40.00   clock clk (rise edge)
                          0.00   40.00   clock network delay (ideal)
                          0.00   40.00   clock reconvergence pessimism
                         -2.00   38.00   output external delay
                                 38.00   data required time
-----------------------------------------------------------------------------
                                 38.00   data required time
                                -28.14   data arrival time
-----------------------------------------------------------------------------
                                  9.86   slack (MET)



==========================================================================
floorplan final report_power
--------------------------------------------------------------------------
Group                  Internal  Switching    Leakage      Total
                          Power      Power      Power      Power (Watts)
----------------------------------------------------------------
Sequential             0.00e+00   0.00e+00   0.00e+00   0.00e+00   0.0%
Combinational          1.44e-05   6.67e-06   5.40e-10   2.11e-05 100.0%
Clock                  0.00e+00   0.00e+00   0.00e+00   0.00e+00   0.0%
Macro                  0.00e+00   0.00e+00   0.00e+00   0.00e+00   0.0%
Pad                    0.00e+00   0.00e+00   0.00e+00   0.00e+00   0.0%
----------------------------------------------------------------
Total                  1.44e-05   6.67e-06   5.40e-10   2.11e-05 100.0%
                          68.4%      31.6%       0.0%
