
==========================================================================
global place report_tns
--------------------------------------------------------------------------
tns max 0.00

==========================================================================
global place report_wns
--------------------------------------------------------------------------
wns max 0.00

==========================================================================
global place report_worst_slack
--------------------------------------------------------------------------
worst slack max INF

==========================================================================
global place report_clock_min_period
--------------------------------------------------------------------------
clk period_min = 0.00 fmax = inf

==========================================================================
global place report_checks -path_delay min
--------------------------------------------------------------------------
No paths found.

==========================================================================
global place report_checks -path_delay max
--------------------------------------------------------------------------
No paths found.

==========================================================================
global place report_checks -unconstrained
--------------------------------------------------------------------------
Startpoint: A[0] (input port clocked by clk)
Endpoint: output130/X (internal pin)
Path Group: unconstrained
Path Type: max

Fanout     Cap    Slew   Delay    Time   Description
-----------------------------------------------------------------------------
                          3.00    3.00 v input external delay
     1    0.00    0.00    0.00    3.00 v A[0] (in)
                                         A[0] (net)
                  0.00    0.00    3.00 v input1/A (sky130_fd_sc_hd__clkdlybuf4s50_1)
     2    0.02    0.14    0.48    3.48 v input1/X (sky130_fd_sc_hd__clkdlybuf4s50_1)
                                         net1 (net)
                  0.14    0.00    3.48 v u0.u0.u0.u0._14_/B (sky130_fd_sc_hd__maj3_1)
     2    0.01    0.10    0.41    3.89 v u0.u0.u0.u0._14_/X (sky130_fd_sc_hd__maj3_1)
                                         u0.u0.u0.u0._02_ (net)
                  0.10    0.00    3.89 v u0.u0.u0.u0._16_/C (sky130_fd_sc_hd__maj3_1)
     2    0.01    0.09    0.40    4.29 v u0.u0.u0.u0._16_/X (sky130_fd_sc_hd__maj3_1)
                                         u0.u0.u0.u0._04_ (net)
                  0.09    0.00    4.29 v u0.u0.u0.u0._21_/C (sky130_fd_sc_hd__maj3_1)
     2    0.01    0.10    0.41    4.70 v u0.u0.u0.u0._21_/X (sky130_fd_sc_hd__maj3_1)
                                         u0.u0.u0.u0._06_ (net)
                  0.10    0.00    4.70 v u0.u0.u0.u0._23_/C (sky130_fd_sc_hd__maj3_1)
     2    0.01    0.09    0.40    5.10 v u0.u0.u0.u0._23_/X (sky130_fd_sc_hd__maj3_1)
                                         u0.u0.u0.C4 (net)
                  0.09    0.00    5.10 v u0.u0.u0.u1._14_/A (sky130_fd_sc_hd__maj3_1)
     2    0.01    0.09    0.40    5.49 v u0.u0.u0.u1._14_/X (sky130_fd_sc_hd__maj3_1)
                                         u0.u0.u0.u1._02_ (net)
                  0.09    0.00    5.49 v u0.u0.u0.u1._16_/C (sky130_fd_sc_hd__maj3_1)
     2    0.01    0.10    0.40    5.90 v u0.u0.u0.u1._16_/X (sky130_fd_sc_hd__maj3_1)
                                         u0.u0.u0.u1._04_ (net)
                  0.10    0.00    5.90 v u0.u0.u0.u1._21_/C (sky130_fd_sc_hd__maj3_1)
     2    0.01    0.10    0.40    6.30 v u0.u0.u0.u1._21_/X (sky130_fd_sc_hd__maj3_1)
                                         u0.u0.u0.u1._06_ (net)
                  0.10    0.00    6.30 v u0.u0.u0.u1._23_/C (sky130_fd_sc_hd__maj3_1)
     2    0.01    0.09    0.40    6.70 v u0.u0.u0.u1._23_/X (sky130_fd_sc_hd__maj3_1)
                                         u0.u0.C8 (net)
                  0.09    0.00    6.70 v u0.u0.u1.u0._14_/A (sky130_fd_sc_hd__maj3_1)
     2    0.01    0.10    0.40    7.11 v u0.u0.u1.u0._14_/X (sky130_fd_sc_hd__maj3_1)
                                         u0.u0.u1.u0._02_ (net)
                  0.10    0.00    7.11 v u0.u0.u1.u0._16_/C (sky130_fd_sc_hd__maj3_1)
     2    0.01    0.10    0.40    7.51 v u0.u0.u1.u0._16_/X (sky130_fd_sc_hd__maj3_1)
                                         u0.u0.u1.u0._04_ (net)
                  0.10    0.00    7.51 v u0.u0.u1.u0._21_/C (sky130_fd_sc_hd__maj3_1)
     2    0.01    0.10    0.41    7.92 v u0.u0.u1.u0._21_/X (sky130_fd_sc_hd__maj3_1)
                                         u0.u0.u1.u0._06_ (net)
                  0.10    0.00    7.92 v u0.u0.u1.u0._23_/C (sky130_fd_sc_hd__maj3_1)
     2    0.01    0.09    0.40    8.32 v u0.u0.u1.u0._23_/X (sky130_fd_sc_hd__maj3_1)
                                         u0.u0.u1.C4 (net)
                  0.09    0.00    8.32 v u0.u0.u1.u1._14_/A (sky130_fd_sc_hd__maj3_1)
     2    0.01    0.09    0.40    8.72 v u0.u0.u1.u1._14_/X (sky130_fd_sc_hd__maj3_1)
                                         u0.u0.u1.u1._02_ (net)
                  0.09    0.00    8.72 v u0.u0.u1.u1._16_/C (sky130_fd_sc_hd__maj3_1)
     2    0.01    0.10    0.40    9.12 v u0.u0.u1.u1._16_/X (sky130_fd_sc_hd__maj3_1)
                                         u0.u0.u1.u1._04_ (net)
                  0.10    0.00    9.12 v u0.u0.u1.u1._21_/C (sky130_fd_sc_hd__maj3_1)
     2    0.01    0.11    0.42    9.54 v u0.u0.u1.u1._21_/X (sky130_fd_sc_hd__maj3_1)
                                         u0.u0.u1.u1._06_ (net)
                  0.11    0.00    9.54 v u0.u0.u1.u1._23_/C (sky130_fd_sc_hd__maj3_1)
     2    0.01    0.09    0.40    9.94 v u0.u0.u1.u1._23_/X (sky130_fd_sc_hd__maj3_1)
                                         u0.C16 (net)
                  0.09    0.00    9.94 v u0.u1.u0.u0._14_/A (sky130_fd_sc_hd__maj3_1)
     2    0.02    0.15    0.45   10.39 v u0.u1.u0.u0._14_/X (sky130_fd_sc_hd__maj3_1)
                                         u0.u1.u0.u0._02_ (net)
                  0.15    0.00   10.39 v u0.u1.u0.u0._16_/C (sky130_fd_sc_hd__maj3_1)
     2    0.01    0.11    0.43   10.83 v u0.u1.u0.u0._16_/X (sky130_fd_sc_hd__maj3_1)
                                         u0.u1.u0.u0._04_ (net)
                  0.11    0.00   10.83 v u0.u1.u0.u0._21_/C (sky130_fd_sc_hd__maj3_1)
     2    0.01    0.09    0.40   11.23 v u0.u1.u0.u0._21_/X (sky130_fd_sc_hd__maj3_1)
                                         u0.u1.u0.u0._06_ (net)
                  0.09    0.00   11.23 v u0.u1.u0.u0._23_/C (sky130_fd_sc_hd__maj3_1)
     2    0.07    0.36    0.65   11.87 v u0.u1.u0.u0._23_/X (sky130_fd_sc_hd__maj3_1)
                                         u0.u1.u0.C4 (net)
                  0.36    0.01   11.89 v u0.u1.u0.u1._14_/A (sky130_fd_sc_hd__maj3_1)
     2    0.01    0.09    0.50   12.39 v u0.u1.u0.u1._14_/X (sky130_fd_sc_hd__maj3_1)
                                         u0.u1.u0.u1._02_ (net)
                  0.09    0.00   12.39 v u0.u1.u0.u1._16_/C (sky130_fd_sc_hd__maj3_1)
     2    0.01    0.09    0.40   12.79 v u0.u1.u0.u1._16_/X (sky130_fd_sc_hd__maj3_1)
                                         u0.u1.u0.u1._04_ (net)
                  0.09    0.00   12.79 v u0.u1.u0.u1._21_/C (sky130_fd_sc_hd__maj3_1)
     2    0.01    0.09    0.40   13.19 v u0.u1.u0.u1._21_/X (sky130_fd_sc_hd__maj3_1)
                                         u0.u1.u0.u1._06_ (net)
                  0.09    0.00   13.19 v u0.u1.u0.u1._23_/C (sky130_fd_sc_hd__maj3_1)
     2    0.01    0.09    0.40   13.58 v u0.u1.u0.u1._23_/X (sky130_fd_sc_hd__maj3_1)
                                         u0.u1.C8 (net)
                  0.09    0.00   13.58 v u0.u1.u1.u0._14_/A (sky130_fd_sc_hd__maj3_1)
     2    0.01    0.10    0.40   13.98 v u0.u1.u1.u0._14_/X (sky130_fd_sc_hd__maj3_1)
                                         u0.u1.u1.u0._02_ (net)
                  0.10    0.00   13.98 v u0.u1.u1.u0._16_/C (sky130_fd_sc_hd__maj3_1)
     2    0.01    0.09    0.40   14.38 v u0.u1.u1.u0._16_/X (sky130_fd_sc_hd__maj3_1)
                                         u0.u1.u1.u0._04_ (net)
                  0.09    0.00   14.38 v u0.u1.u1.u0._21_/C (sky130_fd_sc_hd__maj3_1)
     1    0.00    0.07    0.37   14.75 v u0.u1.u1.u0._21_/X (sky130_fd_sc_hd__maj3_1)
                                         u0.u1.u1.u0._06_ (net)
                  0.07    0.00   14.75 v place196/A (sky130_fd_sc_hd__buf_4)
     2    0.10    0.13    0.23   14.98 v place196/X (sky130_fd_sc_hd__buf_4)
                                         net196 (net)
                  0.13    0.02   15.00 v u0.u1.u1.u0._23_/C (sky130_fd_sc_hd__maj3_1)
     2    0.01    0.09    0.41   15.41 v u0.u1.u1.u0._23_/X (sky130_fd_sc_hd__maj3_1)
                                         u0.u1.u1.C4 (net)
                  0.09    0.00   15.41 v u0.u1.u1.u1._14_/A (sky130_fd_sc_hd__maj3_1)
     2    0.01    0.09    0.40   15.81 v u0.u1.u1.u1._14_/X (sky130_fd_sc_hd__maj3_1)
                                         u0.u1.u1.u1._02_ (net)
                  0.09    0.00   15.81 v u0.u1.u1.u1._16_/C (sky130_fd_sc_hd__maj3_1)
     2    0.10    0.46    0.72   16.53 v u0.u1.u1.u1._16_/X (sky130_fd_sc_hd__maj3_1)
                                         u0.u1.u1.u1._04_ (net)
                  0.47    0.02   16.56 v u0.u1.u1.u1._21_/C (sky130_fd_sc_hd__maj3_1)
     2    0.01    0.10    0.55   17.11 v u0.u1.u1.u1._21_/X (sky130_fd_sc_hd__maj3_1)
                                         u0.u1.u1.u1._06_ (net)
                  0.10    0.00   17.11 v u0.u1.u1.u1._23_/C (sky130_fd_sc_hd__maj3_1)
     2    0.01    0.09    0.40   17.51 v u0.u1.u1.u1._23_/X (sky130_fd_sc_hd__maj3_1)
                                         C32 (net)
                  0.09    0.00   17.51 v u1.u0.u0.u0._14_/A (sky130_fd_sc_hd__maj3_1)
     2    0.01    0.09    0.40   17.91 v u1.u0.u0.u0._14_/X (sky130_fd_sc_hd__maj3_1)
                                         u1.u0.u0.u0._02_ (net)
                  0.09    0.00   17.91 v u1.u0.u0.u0._16_/C (sky130_fd_sc_hd__maj3_1)
     2    0.01    0.09    0.40   18.30 v u1.u0.u0.u0._16_/X (sky130_fd_sc_hd__maj3_1)
                                         u1.u0.u0.u0._04_ (net)
                  0.09    0.00   18.30 v u1.u0.u0.u0._21_/C (sky130_fd_sc_hd__maj3_1)
     2    0.01    0.09    0.40   18.70 v u1.u0.u0.u0._21_/X (sky130_fd_sc_hd__maj3_1)
                                         u1.u0.u0.u0._06_ (net)
                  0.09    0.00   18.70 v u1.u0.u0.u0._23_/C (sky130_fd_sc_hd__maj3_1)
     2    0.01    0.09    0.40   19.10 v u1.u0.u0.u0._23_/X (sky130_fd_sc_hd__maj3_1)
                                         u1.u0.u0.C4 (net)
                  0.09    0.00   19.10 v u1.u0.u0.u1._14_/A (sky130_fd_sc_hd__maj3_1)
     2    0.01    0.10    0.40   19.50 v u1.u0.u0.u1._14_/X (sky130_fd_sc_hd__maj3_1)
                                         u1.u0.u0.u1._02_ (net)
                  0.10    0.00   19.50 v u1.u0.u0.u1._16_/C (sky130_fd_sc_hd__maj3_1)
     2    0.01    0.09    0.40   19.90 v u1.u0.u0.u1._16_/X (sky130_fd_sc_hd__maj3_1)
                                         u1.u0.u0.u1._04_ (net)
                  0.09    0.00   19.90 v u1.u0.u0.u1._21_/C (sky130_fd_sc_hd__maj3_1)
     2    0.01    0.09    0.40   20.30 v u1.u0.u0.u1._21_/X (sky130_fd_sc_hd__maj3_1)
                                         u1.u0.u0.u1._06_ (net)
                  0.09    0.00   20.30 v u1.u0.u0.u1._23_/C (sky130_fd_sc_hd__maj3_1)
     2    0.01    0.09    0.40   20.69 v u1.u0.u0.u1._23_/X (sky130_fd_sc_hd__maj3_1)
                                         u1.u0.C8 (net)
                  0.09    0.00   20.69 v u1.u0.u1.u0._14_/A (sky130_fd_sc_hd__maj3_1)
     2    0.01    0.10    0.40   21.09 v u1.u0.u1.u0._14_/X (sky130_fd_sc_hd__maj3_1)
                                         u1.u0.u1.u0._02_ (net)
                  0.10    0.00   21.09 v u1.u0.u1.u0._16_/C (sky130_fd_sc_hd__maj3_1)
     2    0.01    0.09    0.40   21.49 v u1.u0.u1.u0._16_/X (sky130_fd_sc_hd__maj3_1)
                                         u1.u0.u1.u0._04_ (net)
                  0.09    0.00   21.49 v u1.u0.u1.u0._21_/C (sky130_fd_sc_hd__maj3_1)
     1    0.00    0.07    0.37   21.86 v u1.u0.u1.u0._21_/X (sky130_fd_sc_hd__maj3_1)
                                         u1.u0.u1.u0._06_ (net)
                  0.07    0.00   21.86 v place195/A (sky130_fd_sc_hd__buf_4)
     2    0.10    0.13    0.23   22.08 v place195/X (sky130_fd_sc_hd__buf_4)
                                         net195 (net)
                  0.13    0.02   22.11 v u1.u0.u1.u0._23_/C (sky130_fd_sc_hd__maj3_1)
     2    0.01    0.09    0.41   22.52 v u1.u0.u1.u0._23_/X (sky130_fd_sc_hd__maj3_1)
                                         u1.u0.u1.C4 (net)
                  0.09    0.00   22.52 v u1.u0.u1.u1._14_/A (sky130_fd_sc_hd__maj3_1)
     2    0.01    0.10    0.40   22.92 v u1.u0.u1.u1._14_/X (sky130_fd_sc_hd__maj3_1)
                                         u1.u0.u1.u1._02_ (net)
                  0.10    0.00   22.92 v u1.u0.u1.u1._16_/C (sky130_fd_sc_hd__maj3_1)
     2    0.01    0.09    0.40   23.32 v u1.u0.u1.u1._16_/X (sky130_fd_sc_hd__maj3_1)
                                         u1.u0.u1.u1._04_ (net)
                  0.09    0.00   23.32 v u1.u0.u1.u1._21_/C (sky130_fd_sc_hd__maj3_1)
     2    0.07    0.36    0.65   23.97 v u1.u0.u1.u1._21_/X (sky130_fd_sc_hd__maj3_1)
                                         u1.u0.u1.u1._06_ (net)
                  0.36    0.01   23.99 v u1.u0.u1.u1._23_/C (sky130_fd_sc_hd__maj3_1)
     2    0.01    0.10    0.50   24.49 v u1.u0.u1.u1._23_/X (sky130_fd_sc_hd__maj3_1)
                                         u1.C16 (net)
                  0.10    0.00   24.49 v u1.u1.u0.u0._14_/A (sky130_fd_sc_hd__maj3_1)
     2    0.01    0.10    0.40   24.89 v u1.u1.u0.u0._14_/X (sky130_fd_sc_hd__maj3_1)
                                         u1.u1.u0.u0._02_ (net)
                  0.10    0.00   24.89 v u1.u1.u0.u0._16_/C (sky130_fd_sc_hd__maj3_1)
     2    0.01    0.10    0.41   25.30 v u1.u1.u0.u0._16_/X (sky130_fd_sc_hd__maj3_1)
                                         u1.u1.u0.u0._04_ (net)
                  0.10    0.00   25.30 v u1.u1.u0.u0._21_/C (sky130_fd_sc_hd__maj3_1)
     2    0.01    0.11    0.42   25.72 v u1.u1.u0.u0._21_/X (sky130_fd_sc_hd__maj3_1)
                                         u1.u1.u0.u0._06_ (net)
                  0.11    0.00   25.72 v u1.u1.u0.u0._23_/C (sky130_fd_sc_hd__maj3_1)
     2    0.01    0.10    0.41   26.13 v u1.u1.u0.u0._23_/X (sky130_fd_sc_hd__maj3_1)
                                         u1.u1.u0.C4 (net)
                  0.10    0.00   26.13 v u1.u1.u0.u1._14_/A (sky130_fd_sc_hd__maj3_1)
     2    0.01    0.09    0.40   26.53 v u1.u1.u0.u1._14_/X (sky130_fd_sc_hd__maj3_1)
                                         u1.u1.u0.u1._02_ (net)
                  0.09    0.00   26.53 v u1.u1.u0.u1._16_/C (sky130_fd_sc_hd__maj3_1)
     2    0.01    0.09    0.40   26.93 v u1.u1.u0.u1._16_/X (sky130_fd_sc_hd__maj3_1)
                                         u1.u1.u0.u1._04_ (net)
                  0.09    0.00   26.93 v u1.u1.u0.u1._21_/C (sky130_fd_sc_hd__maj3_1)
     2    0.01    0.09    0.40   27.33 v u1.u1.u0.u1._21_/X (sky130_fd_sc_hd__maj3_1)
                                         u1.u1.u0.u1._06_ (net)
                  0.09    0.00   27.33 v u1.u1.u0.u1._23_/C (sky130_fd_sc_hd__maj3_1)
     2    0.01    0.09    0.40   27.73 v u1.u1.u0.u1._23_/X (sky130_fd_sc_hd__maj3_1)
                                         u1.u1.C8 (net)
                  0.09    0.00   27.73 v u1.u1.u1.u0._14_/A (sky130_fd_sc_hd__maj3_1)
     2    0.01    0.12    0.43   28.16 v u1.u1.u1.u0._14_/X (sky130_fd_sc_hd__maj3_1)
                                         u1.u1.u1.u0._02_ (net)
                  0.12    0.00   28.16 v u1.u1.u1.u0._16_/C (sky130_fd_sc_hd__maj3_1)
     2    0.01    0.10    0.41   28.57 v u1.u1.u1.u0._16_/X (sky130_fd_sc_hd__maj3_1)
                                         u1.u1.u1.u0._04_ (net)
                  0.10    0.00   28.57 v u1.u1.u1.u0._21_/C (sky130_fd_sc_hd__maj3_1)
     2    0.01    0.09    0.40   28.97 v u1.u1.u1.u0._21_/X (sky130_fd_sc_hd__maj3_1)
                                         u1.u1.u1.u0._06_ (net)
                  0.09    0.00   28.97 v u1.u1.u1.u0._23_/C (sky130_fd_sc_hd__maj3_1)
     2    0.01    0.10    0.41   29.38 v u1.u1.u1.u0._23_/X (sky130_fd_sc_hd__maj3_1)
                                         u1.u1.u1.C4 (net)
                  0.10    0.00   29.38 v u1.u1.u1.u1._14_/A (sky130_fd_sc_hd__maj3_1)
     2    0.01    0.10    0.41   29.78 v u1.u1.u1.u1._14_/X (sky130_fd_sc_hd__maj3_1)
                                         u1.u1.u1.u1._02_ (net)
                  0.10    0.00   29.78 v u1.u1.u1.u1._16_/C (sky130_fd_sc_hd__maj3_1)
     2    0.01    0.09    0.40   30.18 v u1.u1.u1.u1._16_/X (sky130_fd_sc_hd__maj3_1)
                                         u1.u1.u1.u1._04_ (net)
                  0.09    0.00   30.18 v u1.u1.u1.u1._21_/C (sky130_fd_sc_hd__maj3_1)
     2    0.01    0.09    0.40   30.58 v u1.u1.u1.u1._21_/X (sky130_fd_sc_hd__maj3_1)
                                         u1.u1.u1.u1._06_ (net)
                  0.09    0.00   30.58 v u1.u1.u1.u1._23_/C (sky130_fd_sc_hd__maj3_1)
     1    0.00    0.06    0.36   30.94 v u1.u1.u1.u1._23_/X (sky130_fd_sc_hd__maj3_1)
                                         net130 (net)
                  0.06    0.00   30.94 v output130/A (sky130_fd_sc_hd__clkdlybuf4s50_1)
     0    0.05    0.37    0.70   31.64 v output130/X (sky130_fd_sc_hd__clkdlybuf4s50_1)
                                         Cout (net)
                                 31.64   data arrival time
-----------------------------------------------------------------------------
(Path is unconstrained)



==========================================================================
global place report_power
--------------------------------------------------------------------------
Group                  Internal  Switching    Leakage      Total
                          Power      Power      Power      Power (Watts)
----------------------------------------------------------------
Sequential             0.00e+00   0.00e+00   0.00e+00   0.00e+00   0.0%
Combinational          4.66e-05   2.55e-05   1.31e-09   7.21e-05 100.0%
Clock                  0.00e+00   0.00e+00   0.00e+00   0.00e+00   0.0%
Macro                  0.00e+00   0.00e+00   0.00e+00   0.00e+00   0.0%
Pad                    0.00e+00   0.00e+00   0.00e+00   0.00e+00   0.0%
----------------------------------------------------------------
Total                  4.66e-05   2.55e-05   1.31e-09   7.21e-05 100.0%
                          64.6%      35.4%       0.0%
