OpenROAD v2.0-27463-gc3bd3a2184 
Features included (+) or not (-): +GPU +GUI +Python
This program is licensed under the BSD-3 license. See the LICENSE file for details.
Components of this program may be licensed under more restrictive licenses which must be honored.
[INFO ORD-0030] Using 4 thread(s).
read_liberty /home/rohit/OpenROAD-flow-scripts/flow/platforms/sky130hd/lib/sky130_fd_sc_hd__tt_025C_1v80.lib
read_db ./results/sky130hd/adder64/base/2_floorplan.odb
source /home/rohit/OpenROAD-flow-scripts/flow/platforms/sky130hd/setRC.tcl
global_placement -skip_io -density 0.6 -pad_left 0 -pad_right 0
[INFO GPL-0005] Execute conjugate gradient initial placement.
[INFO GPL-0002] DBU: 1000
[INFO GPL-0003] SiteSize: (  0.460  2.720 ) um
[INFO GPL-0004] CoreBBox: (  2.300  2.720 ) ( 543.720 541.280 ) um
[INFO GPL-0032] Initializing region: Top-level
[INFO GPL-0006] Number of instances:              4092
[INFO GPL-0007] Movable instances:                 192
[INFO GPL-0008] Fixed instances:                  3900
[INFO GPL-0009] Dummy instances:                     0
[INFO GPL-0010] Number of nets:                    321
[INFO GPL-0011] Number of pins:                    640
[INFO GPL-0012] Die BBox:  (  0.000  0.000 ) ( 545.860 545.860 ) um
[INFO GPL-0013] Core BBox: (  2.300  2.720 ) ( 543.720 541.280 ) um
[INFO GPL-0016] Core area:                  291587.155 um^2
[INFO GPL-0014] Region name: top-level.
[INFO GPL-0015] Region area:                291587.155 um^2
[INFO GPL-0017] Fixed instances area:         4879.680 um^2
[INFO GPL-0018] Movable instances area:       1760.531 um^2
[INFO GPL-0019] Utilization:                     0.614 %
[INFO GPL-0020] Standard cells area:          1760.531 um^2
[INFO GPL-0021] Large instances area:            0.000 um^2
[INFO GPL-0033] Initializing Nesterov region: Top-level
[INFO GPL-0023] Placement target density:       0.6000
[INFO GPL-0024] Movable insts average area:      9.169 um^2
[INFO GPL-0025] Ideal bin area:                 15.282 um^2
[INFO GPL-0026] Ideal bin count:                 19079
[INFO GPL-0027] Total bin area:             291587.155 um^2
[INFO GPL-0028] Bin count (X, Y):         128 ,    128
[INFO GPL-0029] Bin size (W * H):       4.230 *  4.207 um
[INFO GPL-0030] Number of bins:                  16384
[INFO GPL-0007] Execute nesterov global placement.
[INFO GPL-0031] HPWL: Half-Perimeter Wirelength
Iteration | Overflow |     HPWL (um) |  HPWL(%) |   Penalty | Group
---------------------------------------------------------------
        0 |   0.9754 |  3.000550e+02 |   +0.00% |  1.69e-15 |      
       10 |   0.9750 |  2.076450e+02 |  -30.80% |  2.76e-15 |      
       20 |   0.9699 |  2.047500e+02 |   -1.39% |  4.50e-15 |      
       30 |   0.9545 |  2.021340e+02 |   -1.28% |  7.33e-15 |      
       40 |   0.9524 |  1.995920e+02 |   -1.26% |  1.19e-14 |      
       50 |   0.9511 |  1.971050e+02 |   -1.25% |  1.94e-14 |      
       60 |   0.9426 |  1.946830e+02 |   -1.23% |  3.17e-14 |      
       70 |   0.9298 |  1.922130e+02 |   -1.27% |  5.16e-14 |      
       80 |   0.9279 |  1.898470e+02 |   -1.23% |  8.40e-14 |      
       90 |   0.9240 |  1.876160e+02 |   -1.18% |  1.37e-13 |      
      100 |   0.9109 |  1.854970e+02 |   -1.13% |  2.23e-13 |      
      110 |   0.9035 |  1.833280e+02 |   -1.17% |  3.63e-13 |      
      120 |   0.9010 |  1.815280e+02 |   -0.98% |  5.91e-13 |      
      130 |   0.8883 |  1.820310e+02 |   +0.28% |  9.63e-13 |      
      140 |   0.8775 |  1.884990e+02 |   +3.55% |  1.57e-12 |      
      150 |   0.8681 |  2.069230e+02 |   +9.77% |  2.56e-12 |      
      160 |   0.8484 |  2.401380e+02 |  +16.05% |  4.16e-12 |      
      170 |   0.8320 |  2.918170e+02 |  +21.52% |  6.78e-12 |      
      180 |   0.8090 |  3.586740e+02 |  +22.91% |  1.10e-11 |      
      190 |   0.7910 |  4.284070e+02 |  +19.44% |  1.80e-11 |      
      200 |   0.7760 |  4.811900e+02 |  +12.32% |  2.93e-11 |      
      210 |   0.7637 |  4.550750e+02 |   -5.43% |  4.77e-11 |      
      220 |   0.7445 |  3.164010e+02 |  -30.47% |  7.78e-11 |      
      230 |   0.7104 |  2.476130e+02 |  -21.74% |  1.27e-10 |      
      240 |   0.6858 |  4.370220e+02 |  +76.49% |  2.06e-10 |      
      250 |   0.6757 |  3.704500e+02 |  -15.23% |  3.36e-10 |      
      260 |   0.6599 |  3.276290e+02 |  -11.56% |  5.47e-10 |      
      270 |   0.6361 |  3.038350e+02 |   -7.26% |  8.92e-10 |      
      280 |   0.6042 |  3.523510e+02 |  +15.97% |  1.45e-09 |      
      290 |   0.5592 |  3.339940e+02 |   -5.21% |  2.37e-09 |      
      300 |   0.5039 |  3.396170e+02 |   +1.68% |  3.85e-09 |      
      310 |   0.4728 |  3.573630e+02 |   +5.23% |  6.28e-09 |      
      320 |   0.4417 |  3.870950e+02 |   +8.32% |  1.02e-08 |      
      330 |   0.4055 |  4.292130e+02 |  +10.88% |  1.67e-08 |      
      340 |   0.3739 |  4.912540e+02 |  +14.45% |  2.71e-08 |      
      350 |   0.3496 |  5.679410e+02 |  +15.61% |  4.42e-08 |      
      360 |   0.3215 |  6.623190e+02 |  +16.62% |  6.58e-08 |      
      370 |   0.2992 |  8.059720e+02 |  +21.69% |  9.69e-08 |      
      380 |   0.2707 |  9.906300e+02 |  +22.91% |  1.43e-07 |      
      390 |   0.2273 |  1.213446e+03 |  +22.49% |  2.10e-07 |      
      400 |   0.1823 |  1.321760e+03 |   +8.93% |  3.10e-07 |      
      410 |   0.1486 |  1.447625e+03 |   +9.52% |  4.56e-07 |      
      420 |   0.1216 |  1.521058e+03 |   +5.07% |  6.72e-07 |      
      430 |   0.1626 |  5.243150e+02 |  -65.53% |  9.90e-07 |      
      440 |   0.1067 |  5.343850e+02 |   +1.92% |  1.46e-06 |      
      442 |   0.0999 |  5.321520e+02 |          |  1.64e-06 |      
---------------------------------------------------------------
[INFO GPL-1001] Global placement finished at iteration 442
[INFO GPL-1002] Placed Cell Area             1760.5309
[INFO GPL-1003] Available Free Area         286707.4752
[INFO GPL-1004] Minimum Feasible Density        0.0100 (cell_area / free_area)
[INFO GPL-1006]   Suggested Target Densities:
[INFO GPL-1007]     - For 90% usage of free space: 0.0068
[INFO GPL-1008]     - For 80% usage of free space: 0.0077
[INFO GPL-1009]     - For 50% usage of free space: 0.0123
[INFO GPL-1014] Final placement area: 1760.53 (+0.00%)
write_db ./results/sky130hd/adder64/base/3_1_place_gp_skip_io.odb
Elapsed time: 0:01.85[h:]min:sec. CPU time: user 6.39 sys 0.04 (347%). Peak memory: 121140KB.
Log                        Elapsed/s Peak Memory/MB  sha1sum .odb [0:20)
3_1_place_gp_skip_io               1            118 7ecf3f10e91f048d1d99
