OpenROAD v2.0-27463-gc3bd3a2184 
Features included (+) or not (-): +GPU +GUI +Python
This program is licensed under the BSD-3 license. See the LICENSE file for details.
Components of this program may be licensed under more restrictive licenses which must be honored.
[INFO ORD-0030] Using 4 thread(s).
read_liberty /home/rohit/OpenROAD-flow-scripts/flow/platforms/sky130hd/lib/sky130_fd_sc_hd__tt_025C_1v80.lib
read_db ./results/sky130hd/adder64/base/3_2_place_iop.odb
source /home/rohit/OpenROAD-flow-scripts/flow/platforms/sky130hd/setRC.tcl
[INFO RSZ-0026] Removed 0 buffers.
Perform port buffering...
[INFO RSZ-0027] Inserted 129 sky130_fd_sc_hd__clkdlybuf4s50_1 input buffers.
[INFO RSZ-0028] Inserted 65 sky130_fd_sc_hd__clkdlybuf4s50_1 output buffers.
global_placement -density 0.6 -pad_left 0 -pad_right 0 -routability_driven -timing_driven
[INFO GPL-0005] Execute conjugate gradient initial placement.
[INFO GPL-0002] DBU: 1000
[INFO GPL-0003] SiteSize: (  0.460  2.720 ) um
[INFO GPL-0004] CoreBBox: (  2.300  2.720 ) ( 543.720 541.280 ) um
[INFO GPL-0032] Initializing region: Top-level
[INFO GPL-0006] Number of instances:              4286
[INFO GPL-0007] Movable instances:                 386
[INFO GPL-0008] Fixed instances:                  3900
[INFO GPL-0009] Dummy instances:                     0
[INFO GPL-0010] Number of nets:                    515
[INFO GPL-0011] Number of pins:                   1222
[INFO GPL-0012] Die BBox:  (  0.000  0.000 ) ( 545.860 545.860 ) um
[INFO GPL-0013] Core BBox: (  2.300  2.720 ) ( 543.720 541.280 ) um
[INFO GPL-0016] Core area:                  291587.155 um^2
[INFO GPL-0014] Region name: top-level.
[INFO GPL-0015] Region area:                291587.155 um^2
[INFO GPL-0017] Fixed instances area:         4879.680 um^2
[INFO GPL-0018] Movable instances area:       4245.703 um^2
[INFO GPL-0019] Utilization:                     1.481 %
[INFO GPL-0020] Standard cells area:          4245.703 um^2
[INFO GPL-0021] Large instances area:            0.000 um^2
[InitialPlace]  Iter: 1 conjugate gradient residual: 0.00000836 HPWL: 46972691
[InitialPlace]  Iter: 2 conjugate gradient residual: 0.00000378 HPWL: 29980312
[InitialPlace]  Iter: 3 conjugate gradient residual: 0.00000470 HPWL: 18973841
[InitialPlace]  Iter: 4 conjugate gradient residual: 0.00000010 HPWL: 14097439
[InitialPlace]  Iter: 5 conjugate gradient residual: 0.00000006 HPWL: 11132043
[INFO GPL-0033] Initializing Nesterov region: Top-level
[INFO GPL-0023] Placement target density:       0.6000
[INFO GPL-0024] Movable insts average area:     10.999 um^2
[INFO GPL-0025] Ideal bin area:                 18.332 um^2
[INFO GPL-0026] Ideal bin count:                 15905
[INFO GPL-0027] Total bin area:             291587.155 um^2
[INFO GPL-0028] Bin count (X, Y):          64 ,     64
[INFO GPL-0029] Bin size (W * H):       8.460 *  8.415 um
[INFO GPL-0030] Number of bins:                   4096
[INFO GPL-0007] Execute nesterov global placement.
[INFO GPL-0031] HPWL: Half-Perimeter Wirelength
Iteration | Overflow |     HPWL (um) |  HPWL(%) |   Penalty | Group
---------------------------------------------------------------
        0 |   0.3753 |  8.330015e+03 |   +0.00% |  1.54e-13 |      
[INFO GPL-0100] Timing-driven iteration 1/2, virtual: false.
[INFO GPL-0101]    Iter: 1, overflow: 0.375, keep resizer changes at: 1, HPWL: 8330015
Iteration |   Area    | Resized | Buffers | Nets repaired | Remaining
---------------------------------------------------------------------
        0 |     +0.0% |       0 |       0 |             0 |       515
    final |     +0.0% |       0 |       0 |             0 |         0
---------------------------------------------------------------------
   Iter   |    Area   | Removed | Inserted |   Pins
          |           | Buffers | Buffers  | Remaining
-------------------------------------------------------
        0 |     +0.0% |       0 |        0 |       386
       38 |     +0.0% |       0 |        0 |       348
       76 |     +0.2% |       0 |        1 |       310
      114 |     +0.4% |       0 |        2 |       272
      152 |     +0.4% |       0 |        2 |       234
      190 |     +0.4% |       0 |        2 |       196
      228 |     +0.4% |       0 |        2 |       158
      266 |     +0.4% |       0 |        2 |       120
      304 |     +0.4% |       0 |        2 |        82
      342 |     +0.4% |       0 |        2 |        44
      380 |     +0.4% |       0 |        2 |         6
    final |     +0.4% |       0 |        2 |         0
-------------------------------------------------------
[INFO GPL-0106] Timing-driven: worst slack 1e+30
[WARNING GPL-0102] Timing-driven: no slacks found. Timing-driven mode disabled.
[INFO GPL-0107] Timing-driven: repair_design delta area: 15.014 um^2 (+0.35%)
[INFO GPL-0108] Timing-driven: repair_design, gpl delta gcells: 2 (+0.52%)
[INFO GPL-0109] Timing-driven: repair_design, gcells created: 2, deleted: 0
[INFO GPL-0110] Timing-driven: new target density: 0.60005236
[INFO GPL-0038] Routability snapshot saved at iter = 1
        0 |   0.3753 |  8.328961e+03 |          |           |      
Iteration | Overflow |     HPWL (um) |  HPWL(%) |   Penalty | Group
---------------------------------------------------------------
       10 |   0.3676 |  8.127656e+03 |   -2.43% |  2.50e-13 |      
       20 |   0.3707 |  8.045422e+03 |   -1.01% |  4.08e-13 |      
       30 |   0.3687 |  8.067399e+03 |   +0.27% |  6.65e-13 |      
       40 |   0.3690 |  8.065020e+03 |   -0.03% |  1.08e-12 |      
       50 |   0.3692 |  8.064801e+03 |   -0.00% |  1.76e-12 |      
       60 |   0.3691 |  8.063472e+03 |   -0.02% |  2.87e-12 |      
       70 |   0.3692 |  8.064067e+03 |   +0.01% |  4.68e-12 |      
       80 |   0.3691 |  8.064360e+03 |   +0.00% |  7.62e-12 |      
       90 |   0.3691 |  8.063842e+03 |   -0.01% |  1.24e-11 |      
      100 |   0.3690 |  8.064632e+03 |   +0.01% |  2.02e-11 |      
      110 |   0.3690 |  8.067667e+03 |   +0.04% |  3.29e-11 |      
      120 |   0.3689 |  8.073954e+03 |   +0.08% |  5.36e-11 |      
      130 |   0.3687 |  8.084312e+03 |   +0.13% |  8.74e-11 |      
      140 |   0.3685 |  8.100700e+03 |   +0.20% |  1.42e-10 |      
      150 |   0.3681 |  8.121280e+03 |   +0.25% |  2.32e-10 |      
      160 |   0.3675 |  8.126403e+03 |   +0.06% |  3.78e-10 |      
      170 |   0.3672 |  8.088124e+03 |   -0.47% |  6.15e-10 |      
      180 |   0.3660 |  8.077835e+03 |   -0.13% |  1.00e-09 |      
      190 |   0.3636 |  8.110097e+03 |   +0.40% |  1.63e-09 |      
      200 |   0.3599 |  8.065605e+03 |   -0.55% |  2.66e-09 |      
      210 |   0.3549 |  8.068277e+03 |   +0.03% |  4.33e-09 |      
      220 |   0.3479 |  8.066404e+03 |   -0.02% |  6.98e-09 |      
      230 |   0.3401 |  8.061357e+03 |   -0.06% |  1.03e-08 |      
      240 |   0.3289 |  8.077223e+03 |   +0.20% |  1.52e-08 |      
      250 |   0.3158 |  8.115205e+03 |   +0.47% |  2.23e-08 |      
      260 |   0.2987 |  8.180820e+03 |   +0.81% |  3.29e-08 |      
[INFO GPL-0040] Routability iteration: 1
[INFO GPL-0041] Total routing overflow: 0.1003
[INFO GPL-0042] Number of overflowed tiles: 4 (0.06%)
[INFO GPL-0043] Average top 0.5% routing congestion: 0.7661
[INFO GPL-0044] Average top 1.0% routing congestion: 0.6570
[INFO GPL-0045] Average top 2.0% routing congestion: 0.5715
[INFO GPL-0046] Average top 5.0% routing congestion: 0.5032
[INFO GPL-0047] Routability iteration weighted routing congestion: 0.7115
[INFO GPL-0050] Weighted routing congestion is lower than target routing congestion(1.0100), end routability optimization.
[INFO GPL-0090] Routability finished. Target routing congestion achieved succesfully.
Iteration | Overflow |     HPWL (um) |  HPWL(%) |   Penalty | Group
---------------------------------------------------------------
      270 |   0.2785 |  8.271832e+03 |   +1.11% |  4.85e-08 |      
      280 |   0.2521 |  8.372879e+03 |   +1.22% |  7.14e-08 |      
      290 |   0.2219 |  8.469554e+03 |   +1.15% |  1.05e-07 |      
      300 |   0.1732 |  8.553667e+03 |   +0.99% |  1.55e-07 |      
      310 |   0.1391 |  8.639308e+03 |   +1.00% |  2.28e-07 |      
      320 |   0.1153 |  8.737987e+03 |   +1.14% |  3.36e-07 |      
      327 |   0.1000 |  8.795154e+03 |          |  4.58e-07 |      
---------------------------------------------------------------
[INFO GPL-1001] Global placement finished at iteration 327
[INFO GPL-1003] Routability mode iteration count: 259
[INFO GPL-1005] Routability final weighted congestion: 0.6807
[INFO GPL-1002] Placed Cell Area             4260.7173
[INFO GPL-1003] Available Free Area         286707.4752
[INFO GPL-1004] Minimum Feasible Density        0.0200 (cell_area / free_area)
[INFO GPL-1006]   Suggested Target Densities:
[INFO GPL-1007]     - For 90% usage of free space: 0.0165
[INFO GPL-1008]     - For 80% usage of free space: 0.0186
[INFO GPL-1009]     - For 50% usage of free space: 0.0297
[INFO GPL-1011] Original area (um^2): 4245.70
[INFO GPL-1012] Total routability artificial inflation: 15.01 (+0.35%)
[INFO GPL-1014] Final placement area: 4260.72 (+0.35%)
estimate_parasitics -placement
Report metrics stage 3, global place...

==========================================================================
global place report_design_area
--------------------------------------------------------------------------
Design area 3719 um^2 1% utilization.
write_db ./results/sky130hd/adder64/base/3_3_place_gp.odb
Elapsed time: 0:01.41[h:]min:sec. CPU time: user 4.06 sys 0.12 (294%). Peak memory: 195868KB.
Log                        Elapsed/s Peak Memory/MB  sha1sum .odb [0:20)
3_3_place_gp                       1            191 0e4eeb280ba73d301bb7
