OpenROAD v2.0-27463-gc3bd3a2184 
Features included (+) or not (-): +GPU +GUI +Python
This program is licensed under the BSD-3 license. See the LICENSE file for details.
Components of this program may be licensed under more restrictive licenses which must be honored.
[INFO ORD-0030] Using 4 thread(s).
read_liberty /home/rohit/OpenROAD-flow-scripts/flow/platforms/sky130hd/lib/sky130_fd_sc_hd__tt_025C_1v80.lib
read_db ./results/sky130hd/adder64/base/3_4_place_resized.odb
source /home/rohit/OpenROAD-flow-scripts/flow/platforms/sky130hd/setRC.tcl
Placement Analysis
---------------------------------
total displacement       1112.6 u
average displacement        0.3 u
max displacement            8.6 u
original HPWL            8797.1 u
legalized HPWL          10042.9 u
delta HPWL                   14 %

Detailed placement improvement.
[INFO DPL-0401] Setting random seed to 1.
[INFO DPL-0402] Setting maximum displacement 5 1 to 13600 2720 units.
[INFO DPL-0320] Collected 4094 fixed cells.
[INFO DPL-0318] Collected 388 single height cells.
[INFO DPL-0321] Collected 0 wide cells.
[INFO DPL-0322] Image (2300, 2720) - (543720, 541280)
[INFO DPL-0310] Assigned 388 cells into segments.  Movement in X-direction is 0.000000, movement in Y-direction is 0.000000.
[INFO DPL-0313] Found 0 cells in wrong regions.
[INFO DPL-0315] Found 0 row alignment problems.
[INFO DPL-0314] Found 0 site alignment problems.
[INFO DPL-0311] Found 0 overlaps between adjacent cells.
[INFO DPL-0312] Found 0 edge spacing violations and 0 padding violations.
[INFO DPL-0303] Running algorithm for independent set matching.
[INFO DPL-0300] Set matching objective is wirelength.
[INFO DPL-0301] Pass   1 of matching; objective is 1.004899e+07.
[INFO DPL-0302] End of matching; objective is 9.971746e+06, improvement is 0.77 percent.
[INFO DPL-0303] Running algorithm for global swaps.
[INFO DPL-0306] Pass   1 of global swaps; hpwl is 9.762074e+06.
[INFO DPL-0306] Pass   2 of global swaps; hpwl is 9.708327e+06.
[INFO DPL-0307] End of global swaps; objective is 9.708327e+06, improvement is 2.64 percent.
[INFO DPL-0303] Running algorithm for vertical swaps.
[INFO DPL-0308] Pass   1 of vertical swaps; hpwl is 9.673471e+06.
[INFO DPL-0309] End of vertical swaps; objective is 9.673471e+06, improvement is 0.36 percent.
[INFO DPL-0303] Running algorithm for reordering.
[INFO DPL-0304] Pass   1 of reordering; objective is 9.659645e+06.
[INFO DPL-0305] End of reordering; objective is 9.659645e+06, improvement is 0.14 percent.
[INFO DPL-0303] Running algorithm for random improvement.
[INFO DPL-0324] Random improver is using random generator.
[INFO DPL-0325] Random improver is using hpwl objective.
[INFO DPL-0326] Random improver cost string is (a).
[INFO DPL-0332] End of pass, Generator random called 7760 times.
[INFO DPL-0335] Generator random, Cumulative attempts 7760, swaps 1581, moves  2041 since last reset.
[INFO DPL-0333] End of pass, Objective hpwl, Initial cost 9.659645e+06, Scratch cost 9.448155e+06, Incremental cost 9.448155e+06, Mismatch? N
[INFO DPL-0338] End of pass, Total cost is 9.448155e+06.
[INFO DPL-0327] Pass   1 of random improver; improvement in cost is 2.19 percent.
[INFO DPL-0332] End of pass, Generator random called 7760 times.
[INFO DPL-0335] Generator random, Cumulative attempts 15520, swaps 3178, moves  4065 since last reset.
[INFO DPL-0333] End of pass, Objective hpwl, Initial cost 9.448155e+06, Scratch cost 9.366682e+06, Incremental cost 9.366682e+06, Mismatch? N
[INFO DPL-0338] End of pass, Total cost is 9.366682e+06.
[INFO DPL-0327] Pass   2 of random improver; improvement in cost is 0.86 percent.
[INFO DPL-0328] End of random improver; improvement is 3.032855 percent.
[INFO DPL-0380] Cell flipping.
[INFO DPL-0382] Changed 0 cell orientations for row compatibility.
[INFO DPL-0383] Performed 121 cell flips.
[INFO DPL-0384] End of flipping; objective is 9.047954e+06, improvement is 3.40 percent.
[INFO DPL-0313] Found 0 cells in wrong regions.
[INFO DPL-0315] Found 0 row alignment problems.
[INFO DPL-0314] Found 0 site alignment problems.
[INFO DPL-0311] Found 0 overlaps between adjacent cells.
[INFO DPL-0312] Found 0 edge spacing violations and 0 padding violations.
Detailed Improvement Results
------------------------------------------
Original HPWL            10042.9 u (    3372.9,     6670.0)
Final HPWL                9038.9 u (    2811.2,     6227.7)
Delta HPWL                 -10.0 % (     -16.7,       -6.6)

[INFO DPL-0020] Mirrored 15 instances
[INFO DPL-0021] HPWL before            9038.9 u
[INFO DPL-0022] HPWL after             9023.8 u
[INFO DPL-0023] HPWL delta               -0.2 %
[INFO FLW-0012] Placement violations .
estimate_parasitics -placement
Report metrics stage 3, detailed place...
No registers in design

==========================================================================
detailed place report_design_area
--------------------------------------------------------------------------
Design area 3719 um^2 1% utilization.
write_db ./results/sky130hd/adder64/base/3_5_place_dp.odb
Elapsed time: 0:00.49[h:]min:sec. CPU time: user 0.47 sys 0.01 (99%). Peak memory: 129072KB.
Log                        Elapsed/s Peak Memory/MB  sha1sum .odb [0:20)
3_5_place_dp                       0            126 71170705052f53235965
