OpenROAD v2.0-27463-gc3bd3a2184 
Features included (+) or not (-): +GPU +GUI +Python
This program is licensed under the BSD-3 license. See the LICENSE file for details.
Components of this program may be licensed under more restrictive licenses which must be honored.
[INFO ORD-0030] Using 4 thread(s).
read_liberty /home/rohit/OpenROAD-flow-scripts/flow/platforms/sky130hd/lib/sky130_fd_sc_hd__tt_025C_1v80.lib
read_db ./results/sky130hd/adder64/base/4_cts.odb
source /home/rohit/OpenROAD-flow-scripts/flow/platforms/sky130hd/setRC.tcl
pin_access
[INFO DRT-0149] Reading tech and libs.
[WARNING DRT-0349] LEF58_ENCLOSURE with no CUTCLASS is not supported. Skipping for layer mcon
[WARNING DRT-0349] LEF58_ENCLOSURE with no CUTCLASS is not supported. Skipping for layer mcon
[WARNING DRT-0349] LEF58_ENCLOSURE with no CUTCLASS is not supported. Skipping for layer via
[WARNING DRT-0349] LEF58_ENCLOSURE with no CUTCLASS is not supported. Skipping for layer via
[WARNING DRT-0349] LEF58_ENCLOSURE with no CUTCLASS is not supported. Skipping for layer via2
[WARNING DRT-0349] LEF58_ENCLOSURE with no CUTCLASS is not supported. Skipping for layer via2
[WARNING DRT-0349] LEF58_ENCLOSURE with no CUTCLASS is not supported. Skipping for layer via3
[WARNING DRT-0349] LEF58_ENCLOSURE with no CUTCLASS is not supported. Skipping for layer via3
[WARNING DRT-0349] LEF58_ENCLOSURE with no CUTCLASS is not supported. Skipping for layer via4
[WARNING DRT-0349] LEF58_ENCLOSURE with no CUTCLASS is not supported. Skipping for layer via4

Units:                1000
Number of layers:     13
Number of macros:     441
Number of vias:       29
Number of viarulegen: 25

[INFO DRT-0150] Reading design.

Design:                   adder64
Die area:                 ( 0 0 ) ( 545860 545860 )
Number of track patterns: 12
Number of DEF vias:       0
Number of components:     4288
Number of terminals:      196
Number of snets:          2
Number of nets:           517

[INFO DRT-0167] List of default vias:
  Layer via
    default via: M1M2_PR
  Layer via2
    default via: M2M3_PR
  Layer via3
    default via: M3M4_PR
  Layer via4
    default via: M4M5_PR
[INFO DRT-0162] Library cell analysis.
[INFO DRT-0163] Instance analysis.
[INFO DRT-0164] Number of unique instances = 11.
[INFO DRT-0168] Init region query.
[INFO DRT-0024]   Complete FR_MASTERSLICE.
[INFO DRT-0024]   Complete Fr_VIA.
[INFO DRT-0024]   Complete li1.
[INFO DRT-0024]   Complete mcon.
[INFO DRT-0024]   Complete met1.
[INFO DRT-0024]   Complete via.
[INFO DRT-0024]   Complete met2.
[INFO DRT-0024]   Complete via2.
[INFO DRT-0024]   Complete met3.
[INFO DRT-0024]   Complete via3.
[INFO DRT-0024]   Complete met4.
[INFO DRT-0024]   Complete via4.
[INFO DRT-0024]   Complete met5.
[INFO DRT-0033] FR_MASTERSLICE shape region query size = 0.
[INFO DRT-0033] FR_VIA shape region query size = 0.
[INFO DRT-0033] li1 shape region query size = 25228.
[INFO DRT-0033] mcon shape region query size = 13744.
[INFO DRT-0033] met1 shape region query size = 12656.
[INFO DRT-0033] via shape region query size = 19405.
[INFO DRT-0033] met2 shape region query size = 11726.
[INFO DRT-0033] via2 shape region query size = 15524.
[INFO DRT-0033] met3 shape region query size = 11754.
[INFO DRT-0033] via3 shape region query size = 15524.
[INFO DRT-0033] met4 shape region query size = 4681.
[INFO DRT-0033] via4 shape region query size = 761.
[INFO DRT-0033] met5 shape region query size = 839.
[INFO DRT-0165] Start pin access.
[INFO DRT-0078]   Complete 66 pins.
[INFO DRT-0081]   Complete 11 unique inst patterns.
[INFO DRT-0084]   Complete 260 groups.
#scanned instances     = 4288
#unique  instances     = 11
#stdCellGenAp          = 147
#stdCellValidPlanarAp  = 0
#stdCellValidViaAp     = 108
#stdCellPinNoAp        = 0
#stdCellPinCnt         = 1032
#instTermValidViaApCnt = 0
#macroGenAp            = 0
#macroValidPlanarAp    = 0
#macroValidViaAp       = 0
#macroNoAp             = 0
[INFO DRT-0166] Complete pin access.
[INFO DRT-0267] cpu time = 00:00:02, elapsed time = 00:00:00, memory = 129.40 (MB), peak = 129.40 (MB)
global_route -congestion_report_file ./reports/sky130hd/adder64/base/congestion.rpt -congestion_iterations 30 -congestion_report_iter_step 5 -verbose
[INFO GRT-0020] Min routing layer: met1
[INFO GRT-0021] Max routing layer: met5
[INFO GRT-0022] Global adjustment: 0%
[INFO GRT-0023] Grid origin: (0, 0)
[INFO GRT-0088] Layer li1     Track-Pitch = 0.4600  line-2-Via Pitch: 0.3400
[INFO GRT-0088] Layer met1    Track-Pitch = 0.3400  line-2-Via Pitch: 0.3400
[INFO GRT-0088] Layer met2    Track-Pitch = 0.4600  line-2-Via Pitch: 0.3500
[INFO GRT-0088] Layer met3    Track-Pitch = 0.6800  line-2-Via Pitch: 0.6150
[INFO GRT-0088] Layer met4    Track-Pitch = 0.9200  line-2-Via Pitch: 1.0400
[INFO GRT-0088] Layer met5    Track-Pitch = 3.4000  line-2-Via Pitch: 3.1100
[INFO GRT-0003] Macros: 0
[INFO GRT-0004] Blockages: 0
[INFO GRT-0019] Found 0 clock nets.
[INFO GRT-0001] Minimum degree: 2
[INFO GRT-0002] Maximum degree: 3

[INFO GRT-0053] Routing resources analysis:
          Routing      Original      Derated      Resource
Layer     Direction    Resources     Resources    Reduction (%)
---------------------------------------------------------------
li1        Vertical            0             0          0.00%
met1       Horizontal      93678         72696          22.40%
met2       Vertical        79950         61386          23.22%
met3       Horizontal      58578         45747          21.90%
met4       Vertical        39468         27846          29.45%
met5       Horizontal       8814          6240          29.20%
---------------------------------------------------------------

[INFO GRT-0197] Via related to pin nodes: 1637
[INFO GRT-0198] Via related Steiner nodes: 2
[INFO GRT-0199] Via filling finished.
[INFO GRT-0111] Final number of vias: 2034
[INFO GRT-0112] Final usage 3D: 7370

[INFO GRT-0096] Final congestion report:
Layer         Resource        Demand        Usage (%)    Max H / Max V / Total Overflow
---------------------------------------------------------------------------------------
li1                  0             0            0.00%             0 /  0 /  0
met1             72696           335            0.46%             0 /  0 /  0
met2             61386           869            1.42%             0 /  0 /  0
met3             45747            64            0.14%             0 /  0 /  0
met4             27846             0            0.00%             0 /  0 /  0
met5              6240             0            0.00%             0 /  0 /  0
---------------------------------------------------------------------------------------
Total           213915          1268            0.59%             0 /  0 /  0

[INFO GRT-0018] Total wirelength: 12806 um
[INFO GRT-0014] Routed nets: 517
[WARNING STA-0450] virtual clock clk can not be propagated.
estimate_parasitics -global_routing
Perform buffer insertion and gate resizing...
repair_design -verbose
Iteration |   Area    | Resized | Buffers | Nets repaired | Remaining
---------------------------------------------------------------------
        0 |     +0.0% |       0 |       0 |             0 |       517
       10 |     +0.0% |       0 |       0 |             0 |       507
       20 |     +0.0% |       0 |       0 |             0 |       497
       30 |     +0.0% |       0 |       0 |             0 |       487
       40 |     +0.0% |       0 |       0 |             0 |       477
       50 |     +0.0% |       0 |       0 |             0 |       467
       60 |     +0.0% |       0 |       0 |             0 |       457
       70 |     +0.0% |       0 |       0 |             0 |       447
       80 |     +0.0% |       0 |       0 |             0 |       437
       90 |     +0.0% |       0 |       0 |             0 |       427
      100 |     +0.0% |       0 |       0 |             0 |       417
      110 |     +0.0% |       0 |       0 |             0 |       407
      120 |     +0.0% |       0 |       0 |             0 |       397
      130 |     +0.0% |       0 |       0 |             0 |       387
      140 |     +0.0% |       0 |       0 |             0 |       377
      150 |     +0.0% |       0 |       0 |             0 |       367
      160 |     +0.0% |       0 |       0 |             0 |       357
      170 |     +0.0% |       0 |       0 |             0 |       347
      180 |     +0.0% |       0 |       0 |             0 |       337
      190 |     +0.0% |       0 |       0 |             0 |       327
      200 |     +0.0% |       0 |       0 |             0 |       317
      210 |     +0.0% |       0 |       0 |             0 |       307
      220 |     +0.0% |       0 |       0 |             0 |       297
      230 |     +0.0% |       0 |       0 |             0 |       287
      240 |     +0.0% |       0 |       0 |             0 |       277
      250 |     +0.0% |       0 |       0 |             0 |       267
      260 |     +0.0% |       0 |       0 |             0 |       257
      270 |     +0.0% |       0 |       0 |             0 |       247
      280 |     +0.0% |       0 |       0 |             0 |       237
      290 |     +0.0% |       0 |       0 |             0 |       227
      300 |     +0.0% |       0 |       0 |             0 |       217
      310 |     +0.0% |       0 |       0 |             0 |       207
      320 |     +0.0% |       0 |       0 |             0 |       197
      330 |     +0.0% |       0 |       0 |             0 |       187
      340 |     +0.0% |       0 |       0 |             0 |       177
      350 |     +0.0% |       0 |       0 |             0 |       167
      360 |     +0.0% |       0 |       0 |             0 |       157
      370 |     +0.0% |       0 |       0 |             0 |       147
      380 |     +0.0% |       0 |       0 |             0 |       137
      390 |     +0.0% |       0 |       0 |             0 |       127
      400 |     +0.0% |       0 |       0 |             0 |       117
      410 |     +0.0% |       0 |       0 |             0 |       107
      420 |     +0.0% |       0 |       0 |             0 |        97
      430 |     +0.0% |       0 |       0 |             0 |        87
      440 |     +0.0% |       0 |       0 |             0 |        77
      450 |     +0.0% |       0 |       0 |             0 |        67
      460 |     +0.0% |       0 |       0 |             0 |        57
      470 |     +0.0% |       0 |       0 |             0 |        47
      480 |     +0.0% |       0 |       0 |             0 |        37
      490 |     +0.0% |       0 |       0 |             0 |        27
      500 |     +0.0% |       0 |       0 |             0 |        17
      510 |     +0.0% |       0 |       0 |             0 |         7
    final |     +0.0% |       0 |       0 |             0 |         0
---------------------------------------------------------------------
global_route -start_incremental
detailed_placement
Placement Analysis
---------------------------------
total displacement          0.0 u
average displacement        0.0 u
max displacement            0.0 u
original HPWL            9365.0 u
legalized HPWL           9365.0 u
delta HPWL                    0 %

global_route -end_incremental -congestion_report_file ./reports/sky130hd/adder64/base/congestion_post_repair_design.rpt
Repair setup and hold violations...
estimate_parasitics -global_routing
repair_timing -setup_margin 0 -hold_margin 0 -repair_tns 100 -verbose
[INFO RSZ-0100] Repair move sequence: UnbufferMove SizeUpMove SwapPinsMove BufferMove CloneMove SplitLoadMove 
[INFO RSZ-0098] No setup violations found
[INFO RSZ-0033] No hold violations found.
global_route -start_incremental
detailed_placement
Placement Analysis
---------------------------------
total displacement          0.0 u
average displacement        0.0 u
max displacement            0.0 u
original HPWL            9365.0 u
legalized HPWL           9365.0 u
delta HPWL                    0 %

global_route -end_incremental -congestion_report_file ./reports/sky130hd/adder64/base/congestion_post_repair_timing.rpt
global_route -start_incremental
global_route -end_incremental -congestion_report_file ./reports/sky130hd/adder64/base/congestion_post_recover_power.rpt
Repair antennas...
[INFO GRT-0012] Found 0 antenna violations.
[INFO ANT-0002] Found 0 net violations.
[INFO ANT-0001] Found 0 pin violations.
Estimate parasitics...
estimate_parasitics -global_routing
Report metrics stage 5, global route...
No registers in design

==========================================================================
global route report_design_area
--------------------------------------------------------------------------
Design area 3719 um^2 1% utilization.
[INFO FLW-0007] clock clk period 40.000000
[INFO FLW-0008] Clock clk period 32.511
[INFO FLW-0009] Clock clk slack 5.778
[WARNING STA-0450] virtual clock clk can not be propagated.
[INFO FLW-0011] Path endpoint path count 65
write_db ./results/sky130hd/adder64/base/5_1_grt.odb
write_sdc -no_timestamp ./results/sky130hd/adder64/base/5_1_grt.sdc
Elapsed time: 0:01.50[h:]min:sec. CPU time: user 3.40 sys 0.20 (240%). Peak memory: 234636KB.
Log                        Elapsed/s Peak Memory/MB  sha1sum .odb [0:20)
5_1_grt                            1            229 b5ee3aa3d9388761777c
